{"/home/ryuko/Documents/Codes/Javascript/QUIS/src/infrastructure/db/index.ts": {"path":"/home/ryuko/Documents/Codes/Javascript/QUIS/src/infrastructure/db/index.ts","statementMap":{},"fnMap":{},"branchMap":{},"s":{},"f":{},"b":{},"meta":{"lastBranch":0,"lastFunction":0,"lastStatement":0,"seen":{}}}
,"/home/ryuko/Documents/Codes/Javascript/QUIS/src/infrastructure/db/relations.ts": {"path":"/home/ryuko/Documents/Codes/Javascript/QUIS/src/infrastructure/db/relations.ts","statementMap":{"0":{"start":{"line":13,"column":13},"end":{"line":19,"column":null}},"1":{"start":{"line":15,"column":16},"end":{"line":18,"column":null}},"2":{"start":{"line":21,"column":13},"end":{"line":28,"column":null}},"3":{"start":{"line":21,"column":75},"end":{"line":28,"column":2}},"4":{"start":{"line":30,"column":13},"end":{"line":36,"column":null}},"5":{"start":{"line":30,"column":71},"end":{"line":36,"column":2}},"6":{"start":{"line":38,"column":13},"end":{"line":40,"column":null}},"7":{"start":{"line":38,"column":68},"end":{"line":40,"column":2}},"8":{"start":{"line":42,"column":13},"end":{"line":52,"column":null}},"9":{"start":{"line":42,"column":75},"end":{"line":52,"column":2}},"10":{"start":{"line":54,"column":13},"end":{"line":70,"column":null}},"11":{"start":{"line":56,"column":15},"end":{"line":69,"column":null}},"12":{"start":{"line":72,"column":13},"end":{"line":74,"column":null}},"13":{"start":{"line":72,"column":62},"end":{"line":74,"column":2}},"14":{"start":{"line":76,"column":13},"end":{"line":81,"column":null}},"15":{"start":{"line":76,"column":67},"end":{"line":81,"column":2}}},"fnMap":{"0":{"name":"(anonymous_0)","decl":{"start":{"line":15,"column":1},"end":{"line":15,"column":2}},"loc":{"start":{"line":15,"column":16},"end":{"line":18,"column":null}},"line":15},"1":{"name":"(anonymous_1)","decl":{"start":{"line":21,"column":55},"end":{"line":21,"column":56}},"loc":{"start":{"line":21,"column":75},"end":{"line":28,"column":2}},"line":21},"2":{"name":"(anonymous_2)","decl":{"start":{"line":30,"column":51},"end":{"line":30,"column":52}},"loc":{"start":{"line":30,"column":71},"end":{"line":36,"column":2}},"line":30},"3":{"name":"(anonymous_3)","decl":{"start":{"line":38,"column":53},"end":{"line":38,"column":54}},"loc":{"start":{"line":38,"column":68},"end":{"line":40,"column":2}},"line":38},"4":{"name":"(anonymous_4)","decl":{"start":{"line":42,"column":55},"end":{"line":42,"column":56}},"loc":{"start":{"line":42,"column":75},"end":{"line":52,"column":2}},"line":42},"5":{"name":"(anonymous_5)","decl":{"start":{"line":56,"column":1},"end":{"line":56,"column":2}},"loc":{"start":{"line":56,"column":15},"end":{"line":69,"column":null}},"line":56},"6":{"name":"(anonymous_6)","decl":{"start":{"line":72,"column":47},"end":{"line":72,"column":48}},"loc":{"start":{"line":72,"column":62},"end":{"line":74,"column":2}},"line":72},"7":{"name":"(anonymous_7)","decl":{"start":{"line":76,"column":53},"end":{"line":76,"column":54}},"loc":{"start":{"line":76,"column":67},"end":{"line":81,"column":2}},"line":76}},"branchMap":{},"s":{"0":7,"1":0,"2":7,"3":0,"4":7,"5":0,"6":7,"7":0,"8":7,"9":0,"10":7,"11":0,"12":7,"13":0,"14":7,"15":0},"f":{"0":0,"1":0,"2":0,"3":0,"4":0,"5":0,"6":0,"7":0},"b":{},"meta":{"lastBranch":0,"lastFunction":8,"lastStatement":16,"seen":{"s:13:13:19:Infinity":0,"f:15:1:15:2":0,"s:15:16:18:Infinity":1,"s:21:13:28:Infinity":2,"f:21:55:21:56":1,"s:21:75:28:2":3,"s:30:13:36:Infinity":4,"f:30:51:30:52":2,"s:30:71:36:2":5,"s:38:13:40:Infinity":6,"f:38:53:38:54":3,"s:38:68:40:2":7,"s:42:13:52:Infinity":8,"f:42:55:42:56":4,"s:42:75:52:2":9,"s:54:13:70:Infinity":10,"f:56:1:56:2":5,"s:56:15:69:Infinity":11,"s:72:13:74:Infinity":12,"f:72:47:72:48":6,"s:72:62:74:2":13,"s:76:13:81:Infinity":14,"f:76:53:76:54":7,"s:76:67:81:2":15}}}
,"/home/ryuko/Documents/Codes/Javascript/QUIS/src/infrastructure/db/schema.ts": {"path":"/home/ryuko/Documents/Codes/Javascript/QUIS/src/infrastructure/db/schema.ts","statementMap":{"0":{"start":{"line":11,"column":13},"end":{"line":17,"column":null}},"1":{"start":{"line":19,"column":13},"end":{"line":26,"column":null}},"2":{"start":{"line":22,"column":20},"end":{"line":22,"column":39}},"3":{"start":{"line":28,"column":13},"end":{"line":35,"column":null}},"4":{"start":{"line":31,"column":20},"end":{"line":31,"column":34}},"5":{"start":{"line":37,"column":13},"end":{"line":47,"column":null}},"6":{"start":{"line":49,"column":13},"end":{"line":60,"column":null}},"7":{"start":{"line":52,"column":20},"end":{"line":52,"column":33}},"8":{"start":{"line":55,"column":20},"end":{"line":55,"column":39}},"9":{"start":{"line":62,"column":13},"end":{"line":75,"column":null}},"10":{"start":{"line":65,"column":20},"end":{"line":65,"column":34}},"11":{"start":{"line":68,"column":20},"end":{"line":68,"column":34}},"12":{"start":{"line":71,"column":20},"end":{"line":71,"column":32}},"13":{"start":{"line":77,"column":13},"end":{"line":85,"column":null}},"14":{"start":{"line":80,"column":20},"end":{"line":80,"column":30}},"15":{"start":{"line":87,"column":13},"end":{"line":93,"column":null}}},"fnMap":{"0":{"name":"(anonymous_0)","decl":{"start":{"line":22,"column":14},"end":{"line":22,"column":20}},"loc":{"start":{"line":22,"column":20},"end":{"line":22,"column":39}},"line":22},"1":{"name":"(anonymous_1)","decl":{"start":{"line":31,"column":14},"end":{"line":31,"column":20}},"loc":{"start":{"line":31,"column":20},"end":{"line":31,"column":34}},"line":31},"2":{"name":"(anonymous_2)","decl":{"start":{"line":52,"column":14},"end":{"line":52,"column":20}},"loc":{"start":{"line":52,"column":20},"end":{"line":52,"column":33}},"line":52},"3":{"name":"(anonymous_3)","decl":{"start":{"line":55,"column":14},"end":{"line":55,"column":20}},"loc":{"start":{"line":55,"column":20},"end":{"line":55,"column":39}},"line":55},"4":{"name":"(anonymous_4)","decl":{"start":{"line":65,"column":14},"end":{"line":65,"column":20}},"loc":{"start":{"line":65,"column":20},"end":{"line":65,"column":34}},"line":65},"5":{"name":"(anonymous_5)","decl":{"start":{"line":68,"column":14},"end":{"line":68,"column":20}},"loc":{"start":{"line":68,"column":20},"end":{"line":68,"column":34}},"line":68},"6":{"name":"(anonymous_6)","decl":{"start":{"line":71,"column":14},"end":{"line":71,"column":20}},"loc":{"start":{"line":71,"column":20},"end":{"line":71,"column":32}},"line":71},"7":{"name":"(anonymous_7)","decl":{"start":{"line":80,"column":14},"end":{"line":80,"column":20}},"loc":{"start":{"line":80,"column":20},"end":{"line":80,"column":30}},"line":80}},"branchMap":{},"s":{"0":7,"1":7,"2":0,"3":7,"4":0,"5":7,"6":7,"7":0,"8":0,"9":7,"10":0,"11":0,"12":0,"13":7,"14":0,"15":7},"f":{"0":0,"1":0,"2":0,"3":0,"4":0,"5":0,"6":0,"7":0},"b":{},"meta":{"lastBranch":0,"lastFunction":8,"lastStatement":16,"seen":{"s:11:13:17:Infinity":0,"s:19:13:26:Infinity":1,"f:22:14:22:20":0,"s:22:20:22:39":2,"s:28:13:35:Infinity":3,"f:31:14:31:20":1,"s:31:20:31:34":4,"s:37:13:47:Infinity":5,"s:49:13:60:Infinity":6,"f:52:14:52:20":2,"s:52:20:52:33":7,"f:55:14:55:20":3,"s:55:20:55:39":8,"s:62:13:75:Infinity":9,"f:65:14:65:20":4,"s:65:20:65:34":10,"f:68:14:68:20":5,"s:68:20:68:34":11,"f:71:14:71:20":6,"s:71:20:71:32":12,"s:77:13:85:Infinity":13,"f:80:14:80:20":7,"s:80:20:80:30":14,"s:87:13:93:Infinity":15}}}
,"/home/ryuko/Documents/Codes/Javascript/QUIS/src/infrastructure/errors/auth.ts": {"path":"/home/ryuko/Documents/Codes/Javascript/QUIS/src/infrastructure/errors/auth.ts","statementMap":{},"fnMap":{},"branchMap":{},"s":{},"f":{},"b":{},"meta":{"lastBranch":0,"lastFunction":0,"lastStatement":0,"seen":{}}}
,"/home/ryuko/Documents/Codes/Javascript/QUIS/src/infrastructure/errors/database.ts": {"path":"/home/ryuko/Documents/Codes/Javascript/QUIS/src/infrastructure/errors/database.ts","statementMap":{},"fnMap":{},"branchMap":{},"s":{},"f":{},"b":{},"meta":{"lastBranch":0,"lastFunction":0,"lastStatement":0,"seen":{}}}
,"/home/ryuko/Documents/Codes/Javascript/QUIS/src/infrastructure/errors/index.ts": {"path":"/home/ryuko/Documents/Codes/Javascript/QUIS/src/infrastructure/errors/index.ts","statementMap":{},"fnMap":{},"branchMap":{},"s":{},"f":{},"b":{},"meta":{"lastBranch":0,"lastFunction":0,"lastStatement":0,"seen":{}}}
,"/home/ryuko/Documents/Codes/Javascript/QUIS/src/infrastructure/errors/not-found.ts": {"path":"/home/ryuko/Documents/Codes/Javascript/QUIS/src/infrastructure/errors/not-found.ts","statementMap":{},"fnMap":{},"branchMap":{},"s":{},"f":{},"b":{},"meta":{"lastBranch":0,"lastFunction":0,"lastStatement":0,"seen":{}}}
,"/home/ryuko/Documents/Codes/Javascript/QUIS/src/infrastructure/errors/validation.ts": {"path":"/home/ryuko/Documents/Codes/Javascript/QUIS/src/infrastructure/errors/validation.ts","statementMap":{},"fnMap":{},"branchMap":{},"s":{},"f":{},"b":{},"meta":{"lastBranch":0,"lastFunction":0,"lastStatement":0,"seen":{}}}
,"/home/ryuko/Documents/Codes/Javascript/QUIS/src/infrastructure/services/answer.ts": {"path":"/home/ryuko/Documents/Codes/Javascript/QUIS/src/infrastructure/services/answer.ts","statementMap":{"0":{"start":{"line":31,"column":33},"end":{"line":153,"column":null}},"1":{"start":{"line":34,"column":13},"end":{"line":34,"column":null}},"2":{"start":{"line":36,"column":61},"end":{"line":50,"column":null}},"3":{"start":{"line":37,"column":3},"end":{"line":50,"column":null}},"4":{"start":{"line":39,"column":5},"end":{"line":44,"column":null}},"5":{"start":{"line":44,"column":22},"end":{"line":44,"column":38}},"6":{"start":{"line":46,"column":5},"end":{"line":49,"column":null}},"7":{"start":{"line":52,"column":45},"end":{"line":71,"column":null}},"8":{"start":{"line":53,"column":3},"end":{"line":71,"column":null}},"9":{"start":{"line":55,"column":5},"end":{"line":59,"column":null}},"10":{"start":{"line":59,"column":22},"end":{"line":59,"column":51}},"11":{"start":{"line":61,"column":5},"end":{"line":64,"column":null}},"12":{"start":{"line":67,"column":5},"end":{"line":69,"column":null}},"13":{"start":{"line":73,"column":47},"end":{"line":91,"column":null}},"14":{"start":{"line":74,"column":3},"end":{"line":91,"column":null}},"15":{"start":{"line":76,"column":31},"end":{"line":76,"column":null}},"16":{"start":{"line":77,"column":5},"end":{"line":83,"column":null}},"17":{"start":{"line":78,"column":19},"end":{"line":81,"column":null}},"18":{"start":{"line":82,"column":6},"end":{"line":82,"column":null}},"19":{"start":{"line":82,"column":19},"end":{"line":82,"column":null}},"20":{"start":{"line":84,"column":5},"end":{"line":84,"column":null}},"21":{"start":{"line":87,"column":5},"end":{"line":90,"column":null}},"22":{"start":{"line":93,"column":43},"end":{"line":106,"column":null}},"23":{"start":{"line":94,"column":3},"end":{"line":106,"column":null}},"24":{"start":{"line":96,"column":5},"end":{"line":100,"column":null}},"25":{"start":{"line":100,"column":22},"end":{"line":100,"column":39}},"26":{"start":{"line":102,"column":5},"end":{"line":105,"column":null}},"27":{"start":{"line":108,"column":43},"end":{"line":128,"column":null}},"28":{"start":{"line":109,"column":3},"end":{"line":128,"column":null}},"29":{"start":{"line":111,"column":5},"end":{"line":116,"column":null}},"30":{"start":{"line":116,"column":22},"end":{"line":116,"column":51}},"31":{"start":{"line":118,"column":5},"end":{"line":121,"column":null}},"32":{"start":{"line":124,"column":5},"end":{"line":126,"column":null}},"33":{"start":{"line":130,"column":50},"end":{"line":142,"column":null}},"34":{"start":{"line":131,"column":3},"end":{"line":142,"column":null}},"35":{"start":{"line":133,"column":5},"end":{"line":135,"column":null}},"36":{"start":{"line":134,"column":6},"end":{"line":134,"column":null}},"37":{"start":{"line":138,"column":5},"end":{"line":141,"column":null}},"38":{"start":{"line":144,"column":2},"end":{"line":151,"column":null}}},"fnMap":{"0":{"name":"(anonymous_0)","decl":{"start":{"line":33,"column":12},"end":{"line":33,"column":25}},"loc":{"start":{"line":33,"column":25},"end":{"line":152,"column":2}},"line":33},"1":{"name":"(anonymous_1)","decl":{"start":{"line":36,"column":61},"end":{"line":36,"column":62}},"loc":{"start":{"line":37,"column":3},"end":{"line":50,"column":null}},"line":37},"2":{"name":"(anonymous_2)","decl":{"start":{"line":38,"column":9},"end":{"line":38,"column":null}},"loc":{"start":{"line":39,"column":5},"end":{"line":44,"column":null}},"line":39},"3":{"name":"(anonymous_3)","decl":{"start":{"line":44,"column":12},"end":{"line":44,"column":13}},"loc":{"start":{"line":44,"column":22},"end":{"line":44,"column":38}},"line":44},"4":{"name":"(anonymous_4)","decl":{"start":{"line":45,"column":11},"end":{"line":45,"column":12}},"loc":{"start":{"line":46,"column":5},"end":{"line":49,"column":null}},"line":46},"5":{"name":"(anonymous_5)","decl":{"start":{"line":52,"column":45},"end":{"line":52,"column":46}},"loc":{"start":{"line":53,"column":3},"end":{"line":71,"column":null}},"line":53},"6":{"name":"(anonymous_6)","decl":{"start":{"line":54,"column":9},"end":{"line":54,"column":null}},"loc":{"start":{"line":55,"column":5},"end":{"line":59,"column":null}},"line":55},"7":{"name":"(anonymous_7)","decl":{"start":{"line":59,"column":12},"end":{"line":59,"column":13}},"loc":{"start":{"line":59,"column":22},"end":{"line":59,"column":51}},"line":59},"8":{"name":"(anonymous_8)","decl":{"start":{"line":60,"column":11},"end":{"line":60,"column":12}},"loc":{"start":{"line":61,"column":5},"end":{"line":64,"column":null}},"line":61},"9":{"name":"(anonymous_9)","decl":{"start":{"line":66,"column":19},"end":{"line":66,"column":20}},"loc":{"start":{"line":67,"column":5},"end":{"line":69,"column":null}},"line":67},"10":{"name":"(anonymous_10)","decl":{"start":{"line":73,"column":47},"end":{"line":73,"column":48}},"loc":{"start":{"line":74,"column":3},"end":{"line":91,"column":null}},"line":74},"11":{"name":"(anonymous_11)","decl":{"start":{"line":75,"column":9},"end":{"line":75,"column":21}},"loc":{"start":{"line":75,"column":21},"end":{"line":85,"column":null}},"line":75},"12":{"name":"(anonymous_12)","decl":{"start":{"line":86,"column":11},"end":{"line":86,"column":12}},"loc":{"start":{"line":87,"column":5},"end":{"line":90,"column":null}},"line":87},"13":{"name":"(anonymous_13)","decl":{"start":{"line":93,"column":43},"end":{"line":93,"column":44}},"loc":{"start":{"line":94,"column":3},"end":{"line":106,"column":null}},"line":94},"14":{"name":"(anonymous_14)","decl":{"start":{"line":95,"column":9},"end":{"line":95,"column":null}},"loc":{"start":{"line":96,"column":5},"end":{"line":100,"column":null}},"line":96},"15":{"name":"(anonymous_15)","decl":{"start":{"line":100,"column":12},"end":{"line":100,"column":13}},"loc":{"start":{"line":100,"column":22},"end":{"line":100,"column":39}},"line":100},"16":{"name":"(anonymous_16)","decl":{"start":{"line":101,"column":11},"end":{"line":101,"column":12}},"loc":{"start":{"line":102,"column":5},"end":{"line":105,"column":null}},"line":102},"17":{"name":"(anonymous_17)","decl":{"start":{"line":108,"column":43},"end":{"line":108,"column":44}},"loc":{"start":{"line":109,"column":3},"end":{"line":128,"column":null}},"line":109},"18":{"name":"(anonymous_18)","decl":{"start":{"line":110,"column":9},"end":{"line":110,"column":null}},"loc":{"start":{"line":111,"column":5},"end":{"line":116,"column":null}},"line":111},"19":{"name":"(anonymous_19)","decl":{"start":{"line":116,"column":12},"end":{"line":116,"column":13}},"loc":{"start":{"line":116,"column":22},"end":{"line":116,"column":51}},"line":116},"20":{"name":"(anonymous_20)","decl":{"start":{"line":117,"column":11},"end":{"line":117,"column":12}},"loc":{"start":{"line":118,"column":5},"end":{"line":121,"column":null}},"line":118},"21":{"name":"(anonymous_21)","decl":{"start":{"line":123,"column":19},"end":{"line":123,"column":20}},"loc":{"start":{"line":124,"column":5},"end":{"line":126,"column":null}},"line":124},"22":{"name":"(anonymous_22)","decl":{"start":{"line":130,"column":50},"end":{"line":130,"column":51}},"loc":{"start":{"line":131,"column":3},"end":{"line":142,"column":null}},"line":131},"23":{"name":"(anonymous_23)","decl":{"start":{"line":132,"column":9},"end":{"line":132,"column":21}},"loc":{"start":{"line":132,"column":21},"end":{"line":136,"column":null}},"line":132},"24":{"name":"(anonymous_24)","decl":{"start":{"line":137,"column":11},"end":{"line":137,"column":12}},"loc":{"start":{"line":138,"column":5},"end":{"line":141,"column":null}},"line":138}},"branchMap":{"0":{"loc":{"start":{"line":67,"column":5},"end":{"line":69,"column":null}},"type":"cond-expr","locations":[{"start":{"line":68,"column":8},"end":{"line":68,"column":null}},{"start":{"line":69,"column":8},"end":{"line":69,"column":null}}],"line":67},"1":{"loc":{"start":{"line":82,"column":6},"end":{"line":82,"column":null}},"type":"if","locations":[{"start":{"line":82,"column":6},"end":{"line":82,"column":null}},{"start":{},"end":{}}],"line":82},"2":{"loc":{"start":{"line":124,"column":5},"end":{"line":126,"column":null}},"type":"cond-expr","locations":[{"start":{"line":125,"column":8},"end":{"line":125,"column":null}},{"start":{"line":126,"column":8},"end":{"line":126,"column":null}}],"line":124}},"s":{"0":1,"1":10,"2":10,"3":2,"4":2,"5":2,"6":0,"7":10,"8":2,"9":2,"10":2,"11":0,"12":2,"13":10,"14":2,"15":2,"16":2,"17":2,"18":2,"19":2,"20":2,"21":0,"22":10,"23":1,"24":1,"25":1,"26":0,"27":10,"28":2,"29":2,"30":2,"31":0,"32":2,"33":10,"34":1,"35":1,"36":2,"37":0,"38":10},"f":{"0":10,"1":2,"2":2,"3":2,"4":0,"5":2,"6":2,"7":2,"8":0,"9":2,"10":2,"11":2,"12":0,"13":1,"14":1,"15":1,"16":0,"17":2,"18":2,"19":2,"20":0,"21":2,"22":1,"23":1,"24":0},"b":{"0":[1,1],"1":[2,0],"2":[1,1]},"meta":{"lastBranch":3,"lastFunction":25,"lastStatement":39,"seen":{"s:31:33:153:Infinity":0,"f:33:12:33:25":0,"s:34:13:34:Infinity":1,"s:36:61:50:Infinity":2,"f:36:61:36:62":1,"s:37:3:50:Infinity":3,"f:38:9:38:Infinity":2,"s:39:5:44:Infinity":4,"f:44:12:44:13":3,"s:44:22:44:38":5,"f:45:11:45:12":4,"s:46:5:49:Infinity":6,"s:52:45:71:Infinity":7,"f:52:45:52:46":5,"s:53:3:71:Infinity":8,"f:54:9:54:Infinity":6,"s:55:5:59:Infinity":9,"f:59:12:59:13":7,"s:59:22:59:51":10,"f:60:11:60:12":8,"s:61:5:64:Infinity":11,"f:66:19:66:20":9,"s:67:5:69:Infinity":12,"b:68:8:68:Infinity:69:8:69:Infinity":0,"s:73:47:91:Infinity":13,"f:73:47:73:48":10,"s:74:3:91:Infinity":14,"f:75:9:75:21":11,"s:76:31:76:Infinity":15,"s:77:5:83:Infinity":16,"s:78:19:81:Infinity":17,"b:82:6:82:Infinity:undefined:undefined:undefined:undefined":1,"s:82:6:82:Infinity":18,"s:82:19:82:Infinity":19,"s:84:5:84:Infinity":20,"f:86:11:86:12":12,"s:87:5:90:Infinity":21,"s:93:43:106:Infinity":22,"f:93:43:93:44":13,"s:94:3:106:Infinity":23,"f:95:9:95:Infinity":14,"s:96:5:100:Infinity":24,"f:100:12:100:13":15,"s:100:22:100:39":25,"f:101:11:101:12":16,"s:102:5:105:Infinity":26,"s:108:43:128:Infinity":27,"f:108:43:108:44":17,"s:109:3:128:Infinity":28,"f:110:9:110:Infinity":18,"s:111:5:116:Infinity":29,"f:116:12:116:13":19,"s:116:22:116:51":30,"f:117:11:117:12":20,"s:118:5:121:Infinity":31,"f:123:19:123:20":21,"s:124:5:126:Infinity":32,"b:125:8:125:Infinity:126:8:126:Infinity":2,"s:130:50:142:Infinity":33,"f:130:50:130:51":22,"s:131:3:142:Infinity":34,"f:132:9:132:21":23,"s:133:5:135:Infinity":35,"s:134:6:134:Infinity":36,"f:137:11:137:12":24,"s:138:5:141:Infinity":37,"s:144:2:151:Infinity":38}}}
,"/home/ryuko/Documents/Codes/Javascript/QUIS/src/infrastructure/services/auth.ts": {"path":"/home/ryuko/Documents/Codes/Javascript/QUIS/src/infrastructure/services/auth.ts","statementMap":{"0":{"start":{"line":17,"column":22},"end":{"line":25,"column":null}},"1":{"start":{"line":17,"column":29},"end":{"line":25,"column":null}},"2":{"start":{"line":29,"column":2},"end":{"line":29,"column":null}},"3":{"start":{"line":30,"column":13},"end":{"line":30,"column":null}},"4":{"start":{"line":31,"column":1},"end":{"line":33,"column":null}},"5":{"start":{"line":31,"column":14},"end":{"line":31,"column":17}},"6":{"start":{"line":32,"column":2},"end":{"line":32,"column":null}},"7":{"start":{"line":34,"column":1},"end":{"line":34,"column":null}},"8":{"start":{"line":76,"column":31},"end":{"line":328,"column":null}},"9":{"start":{"line":79,"column":13},"end":{"line":79,"column":null}},"10":{"start":{"line":81,"column":41},"end":{"line":131,"column":null}},"11":{"start":{"line":82,"column":3},"end":{"line":131,"column":null}},"12":{"start":{"line":84,"column":25},"end":{"line":96,"column":null}},"13":{"start":{"line":86,"column":6},"end":{"line":90,"column":null}},"14":{"start":{"line":90,"column":23},"end":{"line":90,"column":50}},"15":{"start":{"line":92,"column":6},"end":{"line":95,"column":null}},"16":{"start":{"line":98,"column":4},"end":{"line":102,"column":null}},"17":{"start":{"line":99,"column":5},"end":{"line":101,"column":null}},"18":{"start":{"line":105,"column":19},"end":{"line":105,"column":null}},"19":{"start":{"line":106,"column":25},"end":{"line":110,"column":null}},"20":{"start":{"line":107,"column":16},"end":{"line":107,"column":null}},"21":{"start":{"line":109,"column":6},"end":{"line":109,"column":null}},"22":{"start":{"line":113,"column":20},"end":{"line":128,"column":null}},"23":{"start":{"line":115,"column":6},"end":{"line":122,"column":null}},"24":{"start":{"line":122,"column":23},"end":{"line":122,"column":38}},"25":{"start":{"line":124,"column":6},"end":{"line":127,"column":null}},"26":{"start":{"line":130,"column":4},"end":{"line":130,"column":null}},"27":{"start":{"line":133,"column":39},"end":{"line":193,"column":null}},"28":{"start":{"line":134,"column":3},"end":{"line":193,"column":null}},"29":{"start":{"line":136,"column":17},"end":{"line":148,"column":null}},"30":{"start":{"line":138,"column":6},"end":{"line":142,"column":null}},"31":{"start":{"line":142,"column":23},"end":{"line":142,"column":50}},"32":{"start":{"line":144,"column":6},"end":{"line":147,"column":null}},"33":{"start":{"line":150,"column":4},"end":{"line":154,"column":null}},"34":{"start":{"line":151,"column":5},"end":{"line":153,"column":null}},"35":{"start":{"line":157,"column":20},"end":{"line":161,"column":null}},"36":{"start":{"line":158,"column":16},"end":{"line":158,"column":null}},"37":{"start":{"line":160,"column":6},"end":{"line":160,"column":null}},"38":{"start":{"line":163,"column":4},"end":{"line":167,"column":null}},"39":{"start":{"line":164,"column":5},"end":{"line":166,"column":null}},"40":{"start":{"line":170,"column":18},"end":{"line":170,"column":null}},"41":{"start":{"line":171,"column":19},"end":{"line":171,"column":null}},"42":{"start":{"line":172,"column":22},"end":{"line":172,"column":null}},"43":{"start":{"line":174,"column":20},"end":{"line":190,"column":null}},"44":{"start":{"line":176,"column":6},"end":{"line":184,"column":null}},"45":{"start":{"line":184,"column":23},"end":{"line":184,"column":41}},"46":{"start":{"line":186,"column":6},"end":{"line":189,"column":null}},"47":{"start":{"line":192,"column":4},"end":{"line":192,"column":null}},"48":{"start":{"line":195,"column":41},"end":{"line":203,"column":null}},"49":{"start":{"line":196,"column":3},"end":{"line":203,"column":null}},"50":{"start":{"line":197,"column":15},"end":{"line":197,"column":null}},"51":{"start":{"line":199,"column":5},"end":{"line":202,"column":null}},"52":{"start":{"line":203,"column":28},"end":{"line":203,"column":37}},"53":{"start":{"line":205,"column":59},"end":{"line":258,"column":null}},"54":{"start":{"line":206,"column":3},"end":{"line":258,"column":null}},"55":{"start":{"line":207,"column":4},"end":{"line":211,"column":null}},"56":{"start":{"line":208,"column":5},"end":{"line":210,"column":null}},"57":{"start":{"line":214,"column":19},"end":{"line":228,"column":null}},"58":{"start":{"line":216,"column":6},"end":{"line":222,"column":null}},"59":{"start":{"line":222,"column":23},"end":{"line":222,"column":53}},"60":{"start":{"line":224,"column":6},"end":{"line":227,"column":null}},"61":{"start":{"line":230,"column":4},"end":{"line":234,"column":null}},"62":{"start":{"line":231,"column":5},"end":{"line":233,"column":null}},"63":{"start":{"line":237,"column":17},"end":{"line":249,"column":null}},"64":{"start":{"line":239,"column":6},"end":{"line":243,"column":null}},"65":{"start":{"line":243,"column":23},"end":{"line":243,"column":50}},"66":{"start":{"line":245,"column":6},"end":{"line":248,"column":null}},"67":{"start":{"line":251,"column":4},"end":{"line":255,"column":null}},"68":{"start":{"line":252,"column":5},"end":{"line":254,"column":null}},"69":{"start":{"line":257,"column":4},"end":{"line":257,"column":null}},"70":{"start":{"line":260,"column":57},"end":{"line":273,"column":null}},"71":{"start":{"line":261,"column":3},"end":{"line":273,"column":null}},"72":{"start":{"line":263,"column":5},"end":{"line":267,"column":null}},"73":{"start":{"line":267,"column":23},"end":{"line":267,"column":59}},"74":{"start":{"line":269,"column":5},"end":{"line":272,"column":null}},"75":{"start":{"line":275,"column":57},"end":{"line":305,"column":null}},"76":{"start":{"line":276,"column":3},"end":{"line":305,"column":null}},"77":{"start":{"line":278,"column":24},"end":{"line":278,"column":null}},"78":{"start":{"line":281,"column":19},"end":{"line":281,"column":null}},"79":{"start":{"line":282,"column":25},"end":{"line":282,"column":null}},"80":{"start":{"line":283,"column":20},"end":{"line":296,"column":null}},"81":{"start":{"line":285,"column":6},"end":{"line":290,"column":null}},"82":{"start":{"line":290,"column":23},"end":{"line":290,"column":53}},"83":{"start":{"line":292,"column":6},"end":{"line":295,"column":null}},"84":{"start":{"line":298,"column":4},"end":{"line":302,"column":null}},"85":{"start":{"line":299,"column":5},"end":{"line":301,"column":null}},"86":{"start":{"line":304,"column":4},"end":{"line":304,"column":null}},"87":{"start":{"line":307,"column":71},"end":{"line":316,"column":null}},"88":{"start":{"line":308,"column":3},"end":{"line":316,"column":null}},"89":{"start":{"line":310,"column":5},"end":{"line":310,"column":null}},"90":{"start":{"line":312,"column":5},"end":{"line":315,"column":null}},"91":{"start":{"line":316,"column":28},"end":{"line":316,"column":37}},"92":{"start":{"line":318,"column":2},"end":{"line":326,"column":null}}},"fnMap":{"0":{"name":"(anonymous_0)","decl":{"start":{"line":17,"column":22},"end":{"line":17,"column":29}},"loc":{"start":{"line":17,"column":29},"end":{"line":25,"column":null}},"line":17},"1":{"name":"generateToken","decl":{"start":{"line":27,"column":9},"end":{"line":27,"column":33}},"loc":{"start":{"line":27,"column":33},"end":{"line":35,"column":null}},"line":27},"2":{"name":"(anonymous_2)","decl":{"start":{"line":78,"column":12},"end":{"line":78,"column":25}},"loc":{"start":{"line":78,"column":25},"end":{"line":327,"column":2}},"line":78},"3":{"name":"(anonymous_3)","decl":{"start":{"line":81,"column":41},"end":{"line":81,"column":42}},"loc":{"start":{"line":82,"column":3},"end":{"line":131,"column":null}},"line":82},"4":{"name":"(anonymous_4)","decl":{"start":{"line":82,"column":14},"end":{"line":82,"column":27}},"loc":{"start":{"line":82,"column":27},"end":{"line":131,"column":4}},"line":82},"5":{"name":"(anonymous_5)","decl":{"start":{"line":85,"column":10},"end":{"line":85,"column":null}},"loc":{"start":{"line":86,"column":6},"end":{"line":90,"column":null}},"line":86},"6":{"name":"(anonymous_6)","decl":{"start":{"line":90,"column":13},"end":{"line":90,"column":14}},"loc":{"start":{"line":90,"column":23},"end":{"line":90,"column":50}},"line":90},"7":{"name":"(anonymous_7)","decl":{"start":{"line":91,"column":12},"end":{"line":91,"column":13}},"loc":{"start":{"line":92,"column":6},"end":{"line":95,"column":null}},"line":92},"8":{"name":"(anonymous_8)","decl":{"start":{"line":107,"column":10},"end":{"line":107,"column":16}},"loc":{"start":{"line":107,"column":16},"end":{"line":107,"column":null}},"line":107},"9":{"name":"(anonymous_9)","decl":{"start":{"line":108,"column":12},"end":{"line":108,"column":13}},"loc":{"start":{"line":109,"column":6},"end":{"line":109,"column":null}},"line":109},"10":{"name":"(anonymous_10)","decl":{"start":{"line":114,"column":10},"end":{"line":114,"column":null}},"loc":{"start":{"line":115,"column":6},"end":{"line":122,"column":null}},"line":115},"11":{"name":"(anonymous_11)","decl":{"start":{"line":122,"column":13},"end":{"line":122,"column":14}},"loc":{"start":{"line":122,"column":23},"end":{"line":122,"column":38}},"line":122},"12":{"name":"(anonymous_12)","decl":{"start":{"line":123,"column":12},"end":{"line":123,"column":13}},"loc":{"start":{"line":124,"column":6},"end":{"line":127,"column":null}},"line":124},"13":{"name":"(anonymous_13)","decl":{"start":{"line":133,"column":39},"end":{"line":133,"column":40}},"loc":{"start":{"line":134,"column":3},"end":{"line":193,"column":null}},"line":134},"14":{"name":"(anonymous_14)","decl":{"start":{"line":134,"column":14},"end":{"line":134,"column":27}},"loc":{"start":{"line":134,"column":27},"end":{"line":193,"column":4}},"line":134},"15":{"name":"(anonymous_15)","decl":{"start":{"line":137,"column":10},"end":{"line":137,"column":null}},"loc":{"start":{"line":138,"column":6},"end":{"line":142,"column":null}},"line":138},"16":{"name":"(anonymous_16)","decl":{"start":{"line":142,"column":13},"end":{"line":142,"column":14}},"loc":{"start":{"line":142,"column":23},"end":{"line":142,"column":50}},"line":142},"17":{"name":"(anonymous_17)","decl":{"start":{"line":143,"column":12},"end":{"line":143,"column":13}},"loc":{"start":{"line":144,"column":6},"end":{"line":147,"column":null}},"line":144},"18":{"name":"(anonymous_18)","decl":{"start":{"line":158,"column":10},"end":{"line":158,"column":16}},"loc":{"start":{"line":158,"column":16},"end":{"line":158,"column":null}},"line":158},"19":{"name":"(anonymous_19)","decl":{"start":{"line":159,"column":12},"end":{"line":159,"column":null}},"loc":{"start":{"line":160,"column":6},"end":{"line":160,"column":null}},"line":160},"20":{"name":"(anonymous_20)","decl":{"start":{"line":175,"column":10},"end":{"line":175,"column":null}},"loc":{"start":{"line":176,"column":6},"end":{"line":184,"column":null}},"line":176},"21":{"name":"(anonymous_21)","decl":{"start":{"line":184,"column":13},"end":{"line":184,"column":14}},"loc":{"start":{"line":184,"column":23},"end":{"line":184,"column":41}},"line":184},"22":{"name":"(anonymous_22)","decl":{"start":{"line":185,"column":12},"end":{"line":185,"column":13}},"loc":{"start":{"line":186,"column":6},"end":{"line":189,"column":null}},"line":186},"23":{"name":"(anonymous_23)","decl":{"start":{"line":195,"column":41},"end":{"line":195,"column":42}},"loc":{"start":{"line":196,"column":3},"end":{"line":203,"column":null}},"line":196},"24":{"name":"(anonymous_24)","decl":{"start":{"line":197,"column":9},"end":{"line":197,"column":15}},"loc":{"start":{"line":197,"column":15},"end":{"line":197,"column":null}},"line":197},"25":{"name":"(anonymous_25)","decl":{"start":{"line":198,"column":11},"end":{"line":198,"column":12}},"loc":{"start":{"line":199,"column":5},"end":{"line":202,"column":null}},"line":199},"26":{"name":"(anonymous_26)","decl":{"start":{"line":203,"column":22},"end":{"line":203,"column":28}},"loc":{"start":{"line":203,"column":28},"end":{"line":203,"column":37}},"line":203},"27":{"name":"(anonymous_27)","decl":{"start":{"line":205,"column":59},"end":{"line":205,"column":60}},"loc":{"start":{"line":206,"column":3},"end":{"line":258,"column":null}},"line":206},"28":{"name":"(anonymous_28)","decl":{"start":{"line":206,"column":14},"end":{"line":206,"column":27}},"loc":{"start":{"line":206,"column":27},"end":{"line":258,"column":4}},"line":206},"29":{"name":"(anonymous_29)","decl":{"start":{"line":215,"column":10},"end":{"line":215,"column":null}},"loc":{"start":{"line":216,"column":6},"end":{"line":222,"column":null}},"line":216},"30":{"name":"(anonymous_30)","decl":{"start":{"line":222,"column":13},"end":{"line":222,"column":14}},"loc":{"start":{"line":222,"column":23},"end":{"line":222,"column":53}},"line":222},"31":{"name":"(anonymous_31)","decl":{"start":{"line":223,"column":12},"end":{"line":223,"column":13}},"loc":{"start":{"line":224,"column":6},"end":{"line":227,"column":null}},"line":224},"32":{"name":"(anonymous_32)","decl":{"start":{"line":238,"column":10},"end":{"line":238,"column":null}},"loc":{"start":{"line":239,"column":6},"end":{"line":243,"column":null}},"line":239},"33":{"name":"(anonymous_33)","decl":{"start":{"line":243,"column":13},"end":{"line":243,"column":14}},"loc":{"start":{"line":243,"column":23},"end":{"line":243,"column":50}},"line":243},"34":{"name":"(anonymous_34)","decl":{"start":{"line":244,"column":12},"end":{"line":244,"column":13}},"loc":{"start":{"line":245,"column":6},"end":{"line":248,"column":null}},"line":245},"35":{"name":"(anonymous_35)","decl":{"start":{"line":260,"column":57},"end":{"line":260,"column":58}},"loc":{"start":{"line":261,"column":3},"end":{"line":273,"column":null}},"line":261},"36":{"name":"(anonymous_36)","decl":{"start":{"line":262,"column":9},"end":{"line":262,"column":null}},"loc":{"start":{"line":263,"column":5},"end":{"line":267,"column":null}},"line":263},"37":{"name":"(anonymous_37)","decl":{"start":{"line":267,"column":12},"end":{"line":267,"column":13}},"loc":{"start":{"line":267,"column":23},"end":{"line":267,"column":59}},"line":267},"38":{"name":"(anonymous_38)","decl":{"start":{"line":268,"column":11},"end":{"line":268,"column":12}},"loc":{"start":{"line":269,"column":5},"end":{"line":272,"column":null}},"line":269},"39":{"name":"(anonymous_39)","decl":{"start":{"line":275,"column":57},"end":{"line":275,"column":58}},"loc":{"start":{"line":276,"column":3},"end":{"line":305,"column":null}},"line":276},"40":{"name":"(anonymous_40)","decl":{"start":{"line":276,"column":14},"end":{"line":276,"column":27}},"loc":{"start":{"line":276,"column":27},"end":{"line":305,"column":4}},"line":276},"41":{"name":"(anonymous_41)","decl":{"start":{"line":284,"column":10},"end":{"line":284,"column":null}},"loc":{"start":{"line":285,"column":6},"end":{"line":290,"column":null}},"line":285},"42":{"name":"(anonymous_42)","decl":{"start":{"line":290,"column":13},"end":{"line":290,"column":14}},"loc":{"start":{"line":290,"column":23},"end":{"line":290,"column":53}},"line":290},"43":{"name":"(anonymous_43)","decl":{"start":{"line":291,"column":12},"end":{"line":291,"column":13}},"loc":{"start":{"line":292,"column":6},"end":{"line":295,"column":null}},"line":292},"44":{"name":"(anonymous_44)","decl":{"start":{"line":307,"column":71},"end":{"line":307,"column":null}},"loc":{"start":{"line":308,"column":3},"end":{"line":316,"column":null}},"line":308},"45":{"name":"(anonymous_45)","decl":{"start":{"line":309,"column":9},"end":{"line":309,"column":null}},"loc":{"start":{"line":310,"column":5},"end":{"line":310,"column":null}},"line":310},"46":{"name":"(anonymous_46)","decl":{"start":{"line":311,"column":11},"end":{"line":311,"column":12}},"loc":{"start":{"line":312,"column":5},"end":{"line":315,"column":null}},"line":312},"47":{"name":"(anonymous_47)","decl":{"start":{"line":316,"column":22},"end":{"line":316,"column":28}},"loc":{"start":{"line":316,"column":28},"end":{"line":316,"column":37}},"line":316}},"branchMap":{"0":{"loc":{"start":{"line":18,"column":29},"end":{"line":18,"column":69}},"type":"binary-expr","locations":[{"start":{"line":18,"column":29},"end":{"line":18,"column":63}},{"start":{"line":18,"column":63},"end":{"line":18,"column":69}}],"line":18},"1":{"loc":{"start":{"line":20,"column":18},"end":{"line":20,"column":60}},"type":"binary-expr","locations":[{"start":{"line":20,"column":18},"end":{"line":20,"column":55}},{"start":{"line":20,"column":55},"end":{"line":20,"column":60}}],"line":20},"2":{"loc":{"start":{"line":98,"column":4},"end":{"line":102,"column":null}},"type":"if","locations":[{"start":{"line":98,"column":4},"end":{"line":102,"column":null}},{"start":{},"end":{}}],"line":98},"3":{"loc":{"start":{"line":150,"column":4},"end":{"line":154,"column":null}},"type":"if","locations":[{"start":{"line":150,"column":4},"end":{"line":154,"column":null}},{"start":{},"end":{}}],"line":150},"4":{"loc":{"start":{"line":163,"column":4},"end":{"line":167,"column":null}},"type":"if","locations":[{"start":{"line":163,"column":4},"end":{"line":167,"column":null}},{"start":{},"end":{}}],"line":163},"5":{"loc":{"start":{"line":207,"column":4},"end":{"line":211,"column":null}},"type":"if","locations":[{"start":{"line":207,"column":4},"end":{"line":211,"column":null}},{"start":{},"end":{}}],"line":207},"6":{"loc":{"start":{"line":230,"column":4},"end":{"line":234,"column":null}},"type":"if","locations":[{"start":{"line":230,"column":4},"end":{"line":234,"column":null}},{"start":{},"end":{}}],"line":230},"7":{"loc":{"start":{"line":251,"column":4},"end":{"line":255,"column":null}},"type":"if","locations":[{"start":{"line":251,"column":4},"end":{"line":255,"column":null}},{"start":{},"end":{}}],"line":251},"8":{"loc":{"start":{"line":267,"column":23},"end":{"line":267,"column":59}},"type":"binary-expr","locations":[{"start":{"line":267,"column":23},"end":{"line":267,"column":55}},{"start":{"line":267,"column":55},"end":{"line":267,"column":59}}],"line":267},"9":{"loc":{"start":{"line":298,"column":4},"end":{"line":302,"column":null}},"type":"if","locations":[{"start":{"line":298,"column":4},"end":{"line":302,"column":null}},{"start":{},"end":{}}],"line":298}},"s":{"0":1,"1":2,"2":1,"3":1,"4":1,"5":1,"6":64,"7":1,"8":1,"9":7,"10":7,"11":2,"12":2,"13":2,"14":2,"15":0,"16":2,"17":1,"18":1,"19":1,"20":1,"21":0,"22":1,"23":1,"24":1,"25":0,"26":1,"27":7,"28":2,"29":2,"30":2,"31":2,"32":0,"33":2,"34":1,"35":1,"36":1,"37":0,"38":1,"39":0,"40":1,"41":1,"42":1,"43":1,"44":1,"45":1,"46":0,"47":1,"48":7,"49":1,"50":1,"51":0,"52":1,"53":7,"54":2,"55":2,"56":1,"57":1,"58":1,"59":1,"60":0,"61":1,"62":1,"63":0,"64":0,"65":0,"66":0,"67":0,"68":0,"69":0,"70":7,"71":0,"72":0,"73":0,"74":0,"75":7,"76":0,"77":0,"78":0,"79":0,"80":0,"81":0,"82":0,"83":0,"84":0,"85":0,"86":0,"87":7,"88":0,"89":0,"90":0,"91":0,"92":7},"f":{"0":2,"1":1,"2":7,"3":2,"4":2,"5":2,"6":2,"7":0,"8":1,"9":0,"10":1,"11":1,"12":0,"13":2,"14":2,"15":2,"16":2,"17":0,"18":1,"19":0,"20":1,"21":1,"22":0,"23":1,"24":1,"25":0,"26":1,"27":2,"28":2,"29":1,"30":1,"31":0,"32":0,"33":0,"34":0,"35":0,"36":0,"37":0,"38":0,"39":0,"40":0,"41":0,"42":0,"43":0,"44":0,"45":0,"46":0,"47":0},"b":{"0":[2,2],"1":[2,2],"2":[1,1],"3":[1,1],"4":[0,1],"5":[1,1],"6":[1,0],"7":[0,0],"8":[0,0],"9":[0,0]},"meta":{"lastBranch":10,"lastFunction":48,"lastStatement":93,"seen":{"s:17:22:25:Infinity":0,"f:17:22:17:29":0,"s:17:29:25:Infinity":1,"b:18:29:18:63:18:63:18:69":0,"b:20:18:20:55:20:55:20:60":1,"f:27:9:27:33":1,"s:29:2:29:Infinity":2,"s:30:13:30:Infinity":3,"s:31:1:33:Infinity":4,"s:31:14:31:17":5,"s:32:2:32:Infinity":6,"s:34:1:34:Infinity":7,"s:76:31:328:Infinity":8,"f:78:12:78:25":2,"s:79:13:79:Infinity":9,"s:81:41:131:Infinity":10,"f:81:41:81:42":3,"s:82:3:131:Infinity":11,"f:82:14:82:27":4,"s:84:25:96:Infinity":12,"f:85:10:85:Infinity":5,"s:86:6:90:Infinity":13,"f:90:13:90:14":6,"s:90:23:90:50":14,"f:91:12:91:13":7,"s:92:6:95:Infinity":15,"b:98:4:102:Infinity:undefined:undefined:undefined:undefined":2,"s:98:4:102:Infinity":16,"s:99:5:101:Infinity":17,"s:105:19:105:Infinity":18,"s:106:25:110:Infinity":19,"f:107:10:107:16":8,"s:107:16:107:Infinity":20,"f:108:12:108:13":9,"s:109:6:109:Infinity":21,"s:113:20:128:Infinity":22,"f:114:10:114:Infinity":10,"s:115:6:122:Infinity":23,"f:122:13:122:14":11,"s:122:23:122:38":24,"f:123:12:123:13":12,"s:124:6:127:Infinity":25,"s:130:4:130:Infinity":26,"s:133:39:193:Infinity":27,"f:133:39:133:40":13,"s:134:3:193:Infinity":28,"f:134:14:134:27":14,"s:136:17:148:Infinity":29,"f:137:10:137:Infinity":15,"s:138:6:142:Infinity":30,"f:142:13:142:14":16,"s:142:23:142:50":31,"f:143:12:143:13":17,"s:144:6:147:Infinity":32,"b:150:4:154:Infinity:undefined:undefined:undefined:undefined":3,"s:150:4:154:Infinity":33,"s:151:5:153:Infinity":34,"s:157:20:161:Infinity":35,"f:158:10:158:16":18,"s:158:16:158:Infinity":36,"f:159:12:159:Infinity":19,"s:160:6:160:Infinity":37,"b:163:4:167:Infinity:undefined:undefined:undefined:undefined":4,"s:163:4:167:Infinity":38,"s:164:5:166:Infinity":39,"s:170:18:170:Infinity":40,"s:171:19:171:Infinity":41,"s:172:22:172:Infinity":42,"s:174:20:190:Infinity":43,"f:175:10:175:Infinity":20,"s:176:6:184:Infinity":44,"f:184:13:184:14":21,"s:184:23:184:41":45,"f:185:12:185:13":22,"s:186:6:189:Infinity":46,"s:192:4:192:Infinity":47,"s:195:41:203:Infinity":48,"f:195:41:195:42":23,"s:196:3:203:Infinity":49,"f:197:9:197:15":24,"s:197:15:197:Infinity":50,"f:198:11:198:12":25,"s:199:5:202:Infinity":51,"f:203:22:203:28":26,"s:203:28:203:37":52,"s:205:59:258:Infinity":53,"f:205:59:205:60":27,"s:206:3:258:Infinity":54,"f:206:14:206:27":28,"b:207:4:211:Infinity:undefined:undefined:undefined:undefined":5,"s:207:4:211:Infinity":55,"s:208:5:210:Infinity":56,"s:214:19:228:Infinity":57,"f:215:10:215:Infinity":29,"s:216:6:222:Infinity":58,"f:222:13:222:14":30,"s:222:23:222:53":59,"f:223:12:223:13":31,"s:224:6:227:Infinity":60,"b:230:4:234:Infinity:undefined:undefined:undefined:undefined":6,"s:230:4:234:Infinity":61,"s:231:5:233:Infinity":62,"s:237:17:249:Infinity":63,"f:238:10:238:Infinity":32,"s:239:6:243:Infinity":64,"f:243:13:243:14":33,"s:243:23:243:50":65,"f:244:12:244:13":34,"s:245:6:248:Infinity":66,"b:251:4:255:Infinity:undefined:undefined:undefined:undefined":7,"s:251:4:255:Infinity":67,"s:252:5:254:Infinity":68,"s:257:4:257:Infinity":69,"s:260:57:273:Infinity":70,"f:260:57:260:58":35,"s:261:3:273:Infinity":71,"f:262:9:262:Infinity":36,"s:263:5:267:Infinity":72,"f:267:12:267:13":37,"s:267:23:267:59":73,"b:267:23:267:55:267:55:267:59":8,"f:268:11:268:12":38,"s:269:5:272:Infinity":74,"s:275:57:305:Infinity":75,"f:275:57:275:58":39,"s:276:3:305:Infinity":76,"f:276:14:276:27":40,"s:278:24:278:Infinity":77,"s:281:19:281:Infinity":78,"s:282:25:282:Infinity":79,"s:283:20:296:Infinity":80,"f:284:10:284:Infinity":41,"s:285:6:290:Infinity":81,"f:290:13:290:14":42,"s:290:23:290:53":82,"f:291:12:291:13":43,"s:292:6:295:Infinity":83,"b:298:4:302:Infinity:undefined:undefined:undefined:undefined":9,"s:298:4:302:Infinity":84,"s:299:5:301:Infinity":85,"s:304:4:304:Infinity":86,"s:307:71:316:Infinity":87,"f:307:71:307:Infinity":44,"s:308:3:316:Infinity":88,"f:309:9:309:Infinity":45,"s:310:5:310:Infinity":89,"f:311:11:311:12":46,"s:312:5:315:Infinity":90,"f:316:22:316:28":47,"s:316:28:316:37":91,"s:318:2:326:Infinity":92}}}
,"/home/ryuko/Documents/Codes/Javascript/QUIS/src/infrastructure/services/dashboard.ts": {"path":"/home/ryuko/Documents/Codes/Javascript/QUIS/src/infrastructure/services/dashboard.ts","statementMap":{"0":{"start":{"line":82,"column":36},"end":{"line":409,"column":null}},"1":{"start":{"line":85,"column":13},"end":{"line":85,"column":null}},"2":{"start":{"line":87,"column":54},"end":{"line":150,"column":null}},"3":{"start":{"line":88,"column":56},"end":{"line":130,"column":null}},"4":{"start":{"line":91,"column":6},"end":{"line":94,"column":null}},"5":{"start":{"line":94,"column":20},"end":{"line":94,"column":36}},"6":{"start":{"line":96,"column":6},"end":{"line":99,"column":null}},"7":{"start":{"line":103,"column":6},"end":{"line":107,"column":null}},"8":{"start":{"line":107,"column":20},"end":{"line":107,"column":36}},"9":{"start":{"line":109,"column":6},"end":{"line":112,"column":null}},"10":{"start":{"line":115,"column":16},"end":{"line":115,"column":null}},"11":{"start":{"line":117,"column":6},"end":{"line":120,"column":null}},"12":{"start":{"line":123,"column":16},"end":{"line":123,"column":null}},"13":{"start":{"line":125,"column":6},"end":{"line":128,"column":null}},"14":{"start":{"line":132,"column":22},"end":{"line":135,"column":null}},"15":{"start":{"line":133,"column":16},"end":{"line":133,"column":null}},"16":{"start":{"line":137,"column":4},"end":{"line":137,"column":null}},"17":{"start":{"line":139,"column":25},"end":{"line":141,"column":null}},"18":{"start":{"line":140,"column":27},"end":{"line":140,"column":34}},"19":{"start":{"line":140,"column":63},"end":{"line":140,"column":66}},"20":{"start":{"line":143,"column":3},"end":{"line":149,"column":null}},"21":{"start":{"line":152,"column":58},"end":{"line":253,"column":null}},"22":{"start":{"line":155,"column":5},"end":{"line":180,"column":null}},"23":{"start":{"line":157,"column":18},"end":{"line":157,"column":null}},"24":{"start":{"line":159,"column":8},"end":{"line":162,"column":null}},"25":{"start":{"line":165,"column":18},"end":{"line":165,"column":null}},"26":{"start":{"line":167,"column":8},"end":{"line":170,"column":null}},"27":{"start":{"line":173,"column":18},"end":{"line":173,"column":null}},"28":{"start":{"line":175,"column":8},"end":{"line":178,"column":null}},"29":{"start":{"line":183,"column":17},"end":{"line":191,"column":null}},"30":{"start":{"line":192,"column":4},"end":{"line":199,"column":null}},"31":{"start":{"line":193,"column":5},"end":{"line":198,"column":null}},"32":{"start":{"line":200,"column":4},"end":{"line":206,"column":null}},"33":{"start":{"line":201,"column":15},"end":{"line":201,"column":null}},"34":{"start":{"line":202,"column":5},"end":{"line":205,"column":null}},"35":{"start":{"line":203,"column":6},"end":{"line":203,"column":null}},"36":{"start":{"line":204,"column":6},"end":{"line":204,"column":null}},"37":{"start":{"line":207,"column":53},"end":{"line":215,"column":null}},"38":{"start":{"line":209,"column":18},"end":{"line":215,"column":6}},"39":{"start":{"line":218,"column":23},"end":{"line":218,"column":null}},"40":{"start":{"line":219,"column":4},"end":{"line":221,"column":null}},"41":{"start":{"line":220,"column":5},"end":{"line":220,"column":null}},"42":{"start":{"line":220,"column":18},"end":{"line":220,"column":null}},"43":{"start":{"line":223,"column":21},"end":{"line":226,"column":null}},"44":{"start":{"line":227,"column":4},"end":{"line":241,"column":null}},"45":{"start":{"line":228,"column":17},"end":{"line":228,"column":null}},"46":{"start":{"line":229,"column":5},"end":{"line":240,"column":null}},"47":{"start":{"line":230,"column":6},"end":{"line":236,"column":null}},"48":{"start":{"line":231,"column":7},"end":{"line":235,"column":null}},"49":{"start":{"line":237,"column":16},"end":{"line":237,"column":null}},"50":{"start":{"line":238,"column":6},"end":{"line":238,"column":null}},"51":{"start":{"line":239,"column":6},"end":{"line":239,"column":null}},"52":{"start":{"line":242,"column":37},"end":{"line":249,"column":null}},"53":{"start":{"line":243,"column":13},"end":{"line":248,"column":null}},"54":{"start":{"line":251,"column":4},"end":{"line":251,"column":null}},"55":{"start":{"line":256,"column":3},"end":{"line":401,"column":null}},"56":{"start":{"line":258,"column":5},"end":{"line":291,"column":null}},"57":{"start":{"line":260,"column":18},"end":{"line":260,"column":null}},"58":{"start":{"line":262,"column":8},"end":{"line":265,"column":null}},"59":{"start":{"line":268,"column":18},"end":{"line":268,"column":null}},"60":{"start":{"line":270,"column":8},"end":{"line":273,"column":null}},"61":{"start":{"line":276,"column":18},"end":{"line":276,"column":null}},"62":{"start":{"line":278,"column":8},"end":{"line":281,"column":null}},"63":{"start":{"line":284,"column":18},"end":{"line":284,"column":null}},"64":{"start":{"line":286,"column":8},"end":{"line":289,"column":null}},"65":{"start":{"line":294,"column":24},"end":{"line":303,"column":null}},"66":{"start":{"line":304,"column":4},"end":{"line":312,"column":null}},"67":{"start":{"line":305,"column":5},"end":{"line":311,"column":null}},"68":{"start":{"line":313,"column":4},"end":{"line":319,"column":null}},"69":{"start":{"line":314,"column":15},"end":{"line":314,"column":null}},"70":{"start":{"line":315,"column":5},"end":{"line":318,"column":null}},"71":{"start":{"line":316,"column":6},"end":{"line":316,"column":null}},"72":{"start":{"line":317,"column":6},"end":{"line":317,"column":null}},"73":{"start":{"line":320,"column":43},"end":{"line":327,"column":null}},"74":{"start":{"line":322,"column":18},"end":{"line":327,"column":6}},"75":{"start":{"line":330,"column":22},"end":{"line":339,"column":null}},"76":{"start":{"line":340,"column":4},"end":{"line":348,"column":null}},"77":{"start":{"line":341,"column":5},"end":{"line":347,"column":null}},"78":{"start":{"line":349,"column":4},"end":{"line":355,"column":null}},"79":{"start":{"line":350,"column":15},"end":{"line":350,"column":null}},"80":{"start":{"line":351,"column":5},"end":{"line":354,"column":null}},"81":{"start":{"line":352,"column":6},"end":{"line":352,"column":null}},"82":{"start":{"line":353,"column":6},"end":{"line":353,"column":null}},"83":{"start":{"line":356,"column":39},"end":{"line":364,"column":null}},"84":{"start":{"line":357,"column":13},"end":{"line":363,"column":null}},"85":{"start":{"line":367,"column":24},"end":{"line":370,"column":null}},"86":{"start":{"line":371,"column":4},"end":{"line":379,"column":null}},"87":{"start":{"line":372,"column":18},"end":{"line":372,"column":null}},"88":{"start":{"line":373,"column":5},"end":{"line":375,"column":null}},"89":{"start":{"line":374,"column":6},"end":{"line":374,"column":null}},"90":{"start":{"line":376,"column":15},"end":{"line":376,"column":null}},"91":{"start":{"line":377,"column":5},"end":{"line":377,"column":null}},"92":{"start":{"line":378,"column":5},"end":{"line":378,"column":null}},"93":{"start":{"line":380,"column":38},"end":{"line":387,"column":null}},"94":{"start":{"line":381,"column":21},"end":{"line":381,"column":49}},"95":{"start":{"line":382,"column":18},"end":{"line":387,"column":7}},"96":{"start":{"line":390,"column":22},"end":{"line":390,"column":null}},"97":{"start":{"line":390,"column":49},"end":{"line":390,"column":60}},"98":{"start":{"line":392,"column":4},"end":{"line":400,"column":null}},"99":{"start":{"line":403,"column":2},"end":{"line":407,"column":null}}},"fnMap":{"0":{"name":"(anonymous_0)","decl":{"start":{"line":84,"column":12},"end":{"line":84,"column":25}},"loc":{"start":{"line":84,"column":25},"end":{"line":408,"column":2}},"line":84},"1":{"name":"(anonymous_1)","decl":{"start":{"line":87,"column":65},"end":{"line":87,"column":78}},"loc":{"start":{"line":87,"column":78},"end":{"line":150,"column":3}},"line":87},"2":{"name":"(anonymous_2)","decl":{"start":{"line":90,"column":10},"end":{"line":90,"column":null}},"loc":{"start":{"line":91,"column":6},"end":{"line":94,"column":null}},"line":91},"3":{"name":"(anonymous_3)","decl":{"start":{"line":94,"column":13},"end":{"line":94,"column":14}},"loc":{"start":{"line":94,"column":20},"end":{"line":94,"column":36}},"line":94},"4":{"name":"(anonymous_4)","decl":{"start":{"line":95,"column":12},"end":{"line":95,"column":13}},"loc":{"start":{"line":96,"column":6},"end":{"line":99,"column":null}},"line":96},"5":{"name":"(anonymous_5)","decl":{"start":{"line":102,"column":10},"end":{"line":102,"column":null}},"loc":{"start":{"line":103,"column":6},"end":{"line":107,"column":null}},"line":103},"6":{"name":"(anonymous_6)","decl":{"start":{"line":107,"column":13},"end":{"line":107,"column":14}},"loc":{"start":{"line":107,"column":20},"end":{"line":107,"column":36}},"line":107},"7":{"name":"(anonymous_7)","decl":{"start":{"line":108,"column":12},"end":{"line":108,"column":13}},"loc":{"start":{"line":109,"column":6},"end":{"line":112,"column":null}},"line":109},"8":{"name":"(anonymous_8)","decl":{"start":{"line":115,"column":10},"end":{"line":115,"column":16}},"loc":{"start":{"line":115,"column":16},"end":{"line":115,"column":null}},"line":115},"9":{"name":"(anonymous_9)","decl":{"start":{"line":116,"column":12},"end":{"line":116,"column":13}},"loc":{"start":{"line":117,"column":6},"end":{"line":120,"column":null}},"line":117},"10":{"name":"(anonymous_10)","decl":{"start":{"line":123,"column":10},"end":{"line":123,"column":16}},"loc":{"start":{"line":123,"column":16},"end":{"line":123,"column":null}},"line":123},"11":{"name":"(anonymous_11)","decl":{"start":{"line":124,"column":12},"end":{"line":124,"column":13}},"loc":{"start":{"line":125,"column":6},"end":{"line":128,"column":null}},"line":125},"12":{"name":"(anonymous_12)","decl":{"start":{"line":133,"column":4},"end":{"line":133,"column":5}},"loc":{"start":{"line":133,"column":16},"end":{"line":133,"column":null}},"line":133},"13":{"name":"(anonymous_13)","decl":{"start":{"line":140,"column":20},"end":{"line":140,"column":21}},"loc":{"start":{"line":140,"column":27},"end":{"line":140,"column":34}},"line":140},"14":{"name":"(anonymous_14)","decl":{"start":{"line":140,"column":43},"end":{"line":140,"column":44}},"loc":{"start":{"line":140,"column":63},"end":{"line":140,"column":66}},"line":140},"15":{"name":"(anonymous_15)","decl":{"start":{"line":153,"column":3},"end":{"line":153,"column":16}},"loc":{"start":{"line":153,"column":16},"end":{"line":252,"column":null}},"line":153},"16":{"name":"(anonymous_16)","decl":{"start":{"line":157,"column":12},"end":{"line":157,"column":18}},"loc":{"start":{"line":157,"column":18},"end":{"line":157,"column":null}},"line":157},"17":{"name":"(anonymous_17)","decl":{"start":{"line":158,"column":14},"end":{"line":158,"column":15}},"loc":{"start":{"line":159,"column":8},"end":{"line":162,"column":null}},"line":159},"18":{"name":"(anonymous_18)","decl":{"start":{"line":165,"column":12},"end":{"line":165,"column":18}},"loc":{"start":{"line":165,"column":18},"end":{"line":165,"column":null}},"line":165},"19":{"name":"(anonymous_19)","decl":{"start":{"line":166,"column":14},"end":{"line":166,"column":15}},"loc":{"start":{"line":167,"column":8},"end":{"line":170,"column":null}},"line":167},"20":{"name":"(anonymous_20)","decl":{"start":{"line":173,"column":12},"end":{"line":173,"column":18}},"loc":{"start":{"line":173,"column":18},"end":{"line":173,"column":null}},"line":173},"21":{"name":"(anonymous_21)","decl":{"start":{"line":174,"column":14},"end":{"line":174,"column":15}},"loc":{"start":{"line":175,"column":8},"end":{"line":178,"column":null}},"line":175},"22":{"name":"(anonymous_22)","decl":{"start":{"line":209,"column":10},"end":{"line":209,"column":11}},"loc":{"start":{"line":209,"column":18},"end":{"line":215,"column":6}},"line":209},"23":{"name":"(anonymous_23)","decl":{"start":{"line":243,"column":5},"end":{"line":243,"column":6}},"loc":{"start":{"line":243,"column":13},"end":{"line":248,"column":null}},"line":243},"24":{"name":"(anonymous_24)","decl":{"start":{"line":256,"column":14},"end":{"line":256,"column":27}},"loc":{"start":{"line":256,"column":27},"end":{"line":401,"column":4}},"line":256},"25":{"name":"(anonymous_25)","decl":{"start":{"line":260,"column":12},"end":{"line":260,"column":18}},"loc":{"start":{"line":260,"column":18},"end":{"line":260,"column":null}},"line":260},"26":{"name":"(anonymous_26)","decl":{"start":{"line":261,"column":14},"end":{"line":261,"column":15}},"loc":{"start":{"line":262,"column":8},"end":{"line":265,"column":null}},"line":262},"27":{"name":"(anonymous_27)","decl":{"start":{"line":268,"column":12},"end":{"line":268,"column":18}},"loc":{"start":{"line":268,"column":18},"end":{"line":268,"column":null}},"line":268},"28":{"name":"(anonymous_28)","decl":{"start":{"line":269,"column":14},"end":{"line":269,"column":15}},"loc":{"start":{"line":270,"column":8},"end":{"line":273,"column":null}},"line":270},"29":{"name":"(anonymous_29)","decl":{"start":{"line":276,"column":12},"end":{"line":276,"column":18}},"loc":{"start":{"line":276,"column":18},"end":{"line":276,"column":null}},"line":276},"30":{"name":"(anonymous_30)","decl":{"start":{"line":277,"column":14},"end":{"line":277,"column":15}},"loc":{"start":{"line":278,"column":8},"end":{"line":281,"column":null}},"line":278},"31":{"name":"(anonymous_31)","decl":{"start":{"line":284,"column":12},"end":{"line":284,"column":18}},"loc":{"start":{"line":284,"column":18},"end":{"line":284,"column":null}},"line":284},"32":{"name":"(anonymous_32)","decl":{"start":{"line":285,"column":14},"end":{"line":285,"column":15}},"loc":{"start":{"line":286,"column":8},"end":{"line":289,"column":null}},"line":286},"33":{"name":"(anonymous_33)","decl":{"start":{"line":322,"column":10},"end":{"line":322,"column":11}},"loc":{"start":{"line":322,"column":18},"end":{"line":327,"column":6}},"line":322},"34":{"name":"(anonymous_34)","decl":{"start":{"line":357,"column":5},"end":{"line":357,"column":6}},"loc":{"start":{"line":357,"column":13},"end":{"line":363,"column":null}},"line":357},"35":{"name":"(anonymous_35)","decl":{"start":{"line":381,"column":11},"end":{"line":381,"column":12}},"loc":{"start":{"line":381,"column":21},"end":{"line":381,"column":49}},"line":381},"36":{"name":"(anonymous_36)","decl":{"start":{"line":382,"column":10},"end":{"line":382,"column":11}},"loc":{"start":{"line":382,"column":18},"end":{"line":387,"column":7}},"line":382},"37":{"name":"(anonymous_37)","decl":{"start":{"line":390,"column":42},"end":{"line":390,"column":43}},"loc":{"start":{"line":390,"column":49},"end":{"line":390,"column":60}},"line":390}},"branchMap":{"0":{"loc":{"start":{"line":94,"column":20},"end":{"line":94,"column":36}},"type":"binary-expr","locations":[{"start":{"line":94,"column":20},"end":{"line":94,"column":35}},{"start":{"line":94,"column":35},"end":{"line":94,"column":36}}],"line":94},"1":{"loc":{"start":{"line":107,"column":20},"end":{"line":107,"column":36}},"type":"binary-expr","locations":[{"start":{"line":107,"column":20},"end":{"line":107,"column":35}},{"start":{"line":107,"column":35},"end":{"line":107,"column":36}}],"line":107},"2":{"loc":{"start":{"line":133,"column":23},"end":{"line":133,"column":null}},"type":"binary-expr","locations":[{"start":{"line":133,"column":23},"end":{"line":133,"column":39}},{"start":{"line":133,"column":39},"end":{"line":133,"column":null}}],"line":133},"3":{"loc":{"start":{"line":137,"column":4},"end":{"line":137,"column":null}},"type":"cond-expr","locations":[{"start":{"line":137,"column":30},"end":{"line":137,"column":65}},{"start":{"line":137,"column":65},"end":{"line":137,"column":null}}],"line":137},"4":{"loc":{"start":{"line":202,"column":5},"end":{"line":205,"column":null}},"type":"if","locations":[{"start":{"line":202,"column":5},"end":{"line":205,"column":null}},{"start":{},"end":{}}],"line":202},"5":{"loc":{"start":{"line":204,"column":22},"end":{"line":204,"column":null}},"type":"binary-expr","locations":[{"start":{"line":204,"column":22},"end":{"line":204,"column":38}},{"start":{"line":204,"column":38},"end":{"line":204,"column":null}}],"line":204},"6":{"loc":{"start":{"line":214,"column":6},"end":{"line":214,"column":null}},"type":"cond-expr","locations":[{"start":{"line":214,"column":29},"end":{"line":214,"column":63}},{"start":{"line":214,"column":63},"end":{"line":214,"column":null}}],"line":214},"7":{"loc":{"start":{"line":220,"column":5},"end":{"line":220,"column":null}},"type":"if","locations":[{"start":{"line":220,"column":5},"end":{"line":220,"column":null}},{"start":{},"end":{}}],"line":220},"8":{"loc":{"start":{"line":229,"column":5},"end":{"line":240,"column":null}},"type":"if","locations":[{"start":{"line":229,"column":5},"end":{"line":240,"column":null}},{"start":{},"end":{}}],"line":229},"9":{"loc":{"start":{"line":230,"column":6},"end":{"line":236,"column":null}},"type":"if","locations":[{"start":{"line":230,"column":6},"end":{"line":236,"column":null}},{"start":{},"end":{}}],"line":230},"10":{"loc":{"start":{"line":239,"column":22},"end":{"line":239,"column":null}},"type":"binary-expr","locations":[{"start":{"line":239,"column":22},"end":{"line":239,"column":38}},{"start":{"line":239,"column":38},"end":{"line":239,"column":null}}],"line":239},"11":{"loc":{"start":{"line":247,"column":7},"end":{"line":247,"column":null}},"type":"cond-expr","locations":[{"start":{"line":247,"column":30},"end":{"line":247,"column":64}},{"start":{"line":247,"column":64},"end":{"line":247,"column":null}}],"line":247},"12":{"loc":{"start":{"line":315,"column":5},"end":{"line":318,"column":null}},"type":"if","locations":[{"start":{"line":315,"column":5},"end":{"line":318,"column":null}},{"start":{},"end":{}}],"line":315},"13":{"loc":{"start":{"line":316,"column":22},"end":{"line":316,"column":null}},"type":"binary-expr","locations":[{"start":{"line":316,"column":22},"end":{"line":316,"column":33}},{"start":{"line":316,"column":33},"end":{"line":316,"column":null}}],"line":316},"14":{"loc":{"start":{"line":326,"column":19},"end":{"line":326,"column":null}},"type":"cond-expr","locations":[{"start":{"line":326,"column":33},"end":{"line":326,"column":58}},{"start":{"line":326,"column":58},"end":{"line":326,"column":null}}],"line":326},"15":{"loc":{"start":{"line":351,"column":5},"end":{"line":354,"column":null}},"type":"if","locations":[{"start":{"line":351,"column":5},"end":{"line":354,"column":null}},{"start":{},"end":{}}],"line":351},"16":{"loc":{"start":{"line":352,"column":22},"end":{"line":352,"column":null}},"type":"binary-expr","locations":[{"start":{"line":352,"column":22},"end":{"line":352,"column":33}},{"start":{"line":352,"column":33},"end":{"line":352,"column":null}}],"line":352},"17":{"loc":{"start":{"line":362,"column":20},"end":{"line":362,"column":null}},"type":"cond-expr","locations":[{"start":{"line":362,"column":34},"end":{"line":362,"column":59}},{"start":{"line":362,"column":59},"end":{"line":362,"column":null}}],"line":362},"18":{"loc":{"start":{"line":373,"column":5},"end":{"line":375,"column":null}},"type":"if","locations":[{"start":{"line":373,"column":5},"end":{"line":375,"column":null}},{"start":{},"end":{}}],"line":373},"19":{"loc":{"start":{"line":378,"column":21},"end":{"line":378,"column":null}},"type":"binary-expr","locations":[{"start":{"line":378,"column":21},"end":{"line":378,"column":37}},{"start":{"line":378,"column":37},"end":{"line":378,"column":null}}],"line":378},"20":{"loc":{"start":{"line":386,"column":7},"end":{"line":386,"column":null}},"type":"cond-expr","locations":[{"start":{"line":386,"column":30},"end":{"line":386,"column":64}},{"start":{"line":386,"column":64},"end":{"line":386,"column":null}}],"line":386}},"s":{"0":1,"1":9,"2":9,"3":2,"4":2,"5":2,"6":0,"7":2,"8":2,"9":0,"10":2,"11":0,"12":2,"13":0,"14":2,"15":0,"16":2,"17":2,"18":0,"19":0,"20":2,"21":9,"22":3,"23":3,"24":0,"25":3,"26":0,"27":3,"28":0,"29":3,"30":3,"31":0,"32":3,"33":0,"34":0,"35":0,"36":0,"37":3,"38":0,"39":3,"40":3,"41":0,"42":0,"43":3,"44":3,"45":0,"46":0,"47":0,"48":0,"49":0,"50":0,"51":0,"52":3,"53":0,"54":3,"55":9,"56":4,"57":4,"58":0,"59":4,"60":0,"61":4,"62":0,"63":4,"64":0,"65":4,"66":4,"67":0,"68":4,"69":0,"70":0,"71":0,"72":0,"73":4,"74":0,"75":4,"76":4,"77":0,"78":4,"79":0,"80":0,"81":0,"82":0,"83":4,"84":0,"85":4,"86":4,"87":0,"88":0,"89":0,"90":0,"91":0,"92":0,"93":4,"94":0,"95":0,"96":4,"97":0,"98":4,"99":9},"f":{"0":9,"1":2,"2":2,"3":2,"4":0,"5":2,"6":2,"7":0,"8":2,"9":0,"10":2,"11":0,"12":0,"13":0,"14":0,"15":3,"16":3,"17":0,"18":3,"19":0,"20":3,"21":0,"22":0,"23":0,"24":4,"25":4,"26":0,"27":4,"28":0,"29":4,"30":0,"31":4,"32":0,"33":0,"34":0,"35":0,"36":0,"37":0},"b":{"0":[2,2],"1":[2,0],"2":[0,0],"3":[0,2],"4":[0,0],"5":[0,0],"6":[0,0],"7":[0,0],"8":[0,0],"9":[0,0],"10":[0,0],"11":[0,0],"12":[0,0],"13":[0,0],"14":[0,0],"15":[0,0],"16":[0,0],"17":[0,0],"18":[0,0],"19":[0,0],"20":[0,0]},"meta":{"lastBranch":21,"lastFunction":38,"lastStatement":100,"seen":{"s:82:36:409:Infinity":0,"f:84:12:84:25":0,"s:85:13:85:Infinity":1,"s:87:54:150:Infinity":2,"f:87:65:87:78":1,"s:88:56:130:Infinity":3,"f:90:10:90:Infinity":2,"s:91:6:94:Infinity":4,"f:94:13:94:14":3,"s:94:20:94:36":5,"b:94:20:94:35:94:35:94:36":0,"f:95:12:95:13":4,"s:96:6:99:Infinity":6,"f:102:10:102:Infinity":5,"s:103:6:107:Infinity":7,"f:107:13:107:14":6,"s:107:20:107:36":8,"b:107:20:107:35:107:35:107:36":1,"f:108:12:108:13":7,"s:109:6:112:Infinity":9,"f:115:10:115:16":8,"s:115:16:115:Infinity":10,"f:116:12:116:13":9,"s:117:6:120:Infinity":11,"f:123:10:123:16":10,"s:123:16:123:Infinity":12,"f:124:12:124:13":11,"s:125:6:128:Infinity":13,"s:132:22:135:Infinity":14,"f:133:4:133:5":12,"s:133:16:133:Infinity":15,"b:133:23:133:39:133:39:133:Infinity":2,"s:137:4:137:Infinity":16,"b:137:30:137:65:137:65:137:Infinity":3,"s:139:25:141:Infinity":17,"f:140:20:140:21":13,"s:140:27:140:34":18,"f:140:43:140:44":14,"s:140:63:140:66":19,"s:143:3:149:Infinity":20,"s:152:58:253:Infinity":21,"f:153:3:153:16":15,"s:155:5:180:Infinity":22,"f:157:12:157:18":16,"s:157:18:157:Infinity":23,"f:158:14:158:15":17,"s:159:8:162:Infinity":24,"f:165:12:165:18":18,"s:165:18:165:Infinity":25,"f:166:14:166:15":19,"s:167:8:170:Infinity":26,"f:173:12:173:18":20,"s:173:18:173:Infinity":27,"f:174:14:174:15":21,"s:175:8:178:Infinity":28,"s:183:17:191:Infinity":29,"s:192:4:199:Infinity":30,"s:193:5:198:Infinity":31,"s:200:4:206:Infinity":32,"s:201:15:201:Infinity":33,"b:202:5:205:Infinity:undefined:undefined:undefined:undefined":4,"s:202:5:205:Infinity":34,"s:203:6:203:Infinity":35,"s:204:6:204:Infinity":36,"b:204:22:204:38:204:38:204:Infinity":5,"s:207:53:215:Infinity":37,"f:209:10:209:11":22,"s:209:18:215:6":38,"b:214:29:214:63:214:63:214:Infinity":6,"s:218:23:218:Infinity":39,"s:219:4:221:Infinity":40,"b:220:5:220:Infinity:undefined:undefined:undefined:undefined":7,"s:220:5:220:Infinity":41,"s:220:18:220:Infinity":42,"s:223:21:226:Infinity":43,"s:227:4:241:Infinity":44,"s:228:17:228:Infinity":45,"b:229:5:240:Infinity:undefined:undefined:undefined:undefined":8,"s:229:5:240:Infinity":46,"b:230:6:236:Infinity:undefined:undefined:undefined:undefined":9,"s:230:6:236:Infinity":47,"s:231:7:235:Infinity":48,"s:237:16:237:Infinity":49,"s:238:6:238:Infinity":50,"s:239:6:239:Infinity":51,"b:239:22:239:38:239:38:239:Infinity":10,"s:242:37:249:Infinity":52,"f:243:5:243:6":23,"s:243:13:248:Infinity":53,"b:247:30:247:64:247:64:247:Infinity":11,"s:251:4:251:Infinity":54,"s:256:3:401:Infinity":55,"f:256:14:256:27":24,"s:258:5:291:Infinity":56,"f:260:12:260:18":25,"s:260:18:260:Infinity":57,"f:261:14:261:15":26,"s:262:8:265:Infinity":58,"f:268:12:268:18":27,"s:268:18:268:Infinity":59,"f:269:14:269:15":28,"s:270:8:273:Infinity":60,"f:276:12:276:18":29,"s:276:18:276:Infinity":61,"f:277:14:277:15":30,"s:278:8:281:Infinity":62,"f:284:12:284:18":31,"s:284:18:284:Infinity":63,"f:285:14:285:15":32,"s:286:8:289:Infinity":64,"s:294:24:303:Infinity":65,"s:304:4:312:Infinity":66,"s:305:5:311:Infinity":67,"s:313:4:319:Infinity":68,"s:314:15:314:Infinity":69,"b:315:5:318:Infinity:undefined:undefined:undefined:undefined":12,"s:315:5:318:Infinity":70,"s:316:6:316:Infinity":71,"b:316:22:316:33:316:33:316:Infinity":13,"s:317:6:317:Infinity":72,"s:320:43:327:Infinity":73,"f:322:10:322:11":33,"s:322:18:327:6":74,"b:326:33:326:58:326:58:326:Infinity":14,"s:330:22:339:Infinity":75,"s:340:4:348:Infinity":76,"s:341:5:347:Infinity":77,"s:349:4:355:Infinity":78,"s:350:15:350:Infinity":79,"b:351:5:354:Infinity:undefined:undefined:undefined:undefined":15,"s:351:5:354:Infinity":80,"s:352:6:352:Infinity":81,"b:352:22:352:33:352:33:352:Infinity":16,"s:353:6:353:Infinity":82,"s:356:39:364:Infinity":83,"f:357:5:357:6":34,"s:357:13:363:Infinity":84,"b:362:34:362:59:362:59:362:Infinity":17,"s:367:24:370:Infinity":85,"s:371:4:379:Infinity":86,"s:372:18:372:Infinity":87,"b:373:5:375:Infinity:undefined:undefined:undefined:undefined":18,"s:373:5:375:Infinity":88,"s:374:6:374:Infinity":89,"s:376:15:376:Infinity":90,"s:377:5:377:Infinity":91,"s:378:5:378:Infinity":92,"b:378:21:378:37:378:37:378:Infinity":19,"s:380:38:387:Infinity":93,"f:381:11:381:12":35,"s:381:21:381:49":94,"f:382:10:382:11":36,"s:382:18:387:7":95,"b:386:30:386:64:386:64:386:Infinity":20,"s:390:22:390:Infinity":96,"f:390:42:390:43":37,"s:390:49:390:60":97,"s:392:4:400:Infinity":98,"s:403:2:407:Infinity":99}}}
,"/home/ryuko/Documents/Codes/Javascript/QUIS/src/infrastructure/services/file-upload.ts": {"path":"/home/ryuko/Documents/Codes/Javascript/QUIS/src/infrastructure/services/file-upload.ts","statementMap":{"0":{"start":{"line":28,"column":37},"end":{"line":94,"column":null}},"1":{"start":{"line":31,"column":13},"end":{"line":31,"column":null}},"2":{"start":{"line":32,"column":21},"end":{"line":32,"column":null}},"3":{"start":{"line":34,"column":65},"end":{"line":48,"column":null}},"4":{"start":{"line":35,"column":3},"end":{"line":48,"column":null}},"5":{"start":{"line":36,"column":19},"end":{"line":36,"column":null}},"6":{"start":{"line":37,"column":4},"end":{"line":39,"column":null}},"7":{"start":{"line":38,"column":5},"end":{"line":38,"column":null}},"8":{"start":{"line":43,"column":6},"end":{"line":46,"column":null}},"9":{"start":{"line":50,"column":51},"end":{"line":59,"column":null}},"10":{"start":{"line":51,"column":3},"end":{"line":59,"column":null}},"11":{"start":{"line":54,"column":6},"end":{"line":57,"column":null}},"12":{"start":{"line":61,"column":57},"end":{"line":82,"column":null}},"13":{"start":{"line":62,"column":3},"end":{"line":82,"column":null}},"14":{"start":{"line":63,"column":23},"end":{"line":63,"column":null}},"15":{"start":{"line":64,"column":4},"end":{"line":64,"column":null}},"16":{"start":{"line":65,"column":4},"end":{"line":65,"column":null}},"17":{"start":{"line":67,"column":21},"end":{"line":67,"column":null}},"18":{"start":{"line":68,"column":20},"end":{"line":68,"column":null}},"19":{"start":{"line":69,"column":4},"end":{"line":69,"column":null}},"20":{"start":{"line":71,"column":23},"end":{"line":73,"column":null}},"21":{"start":{"line":74,"column":19},"end":{"line":74,"column":null}},"22":{"start":{"line":76,"column":4},"end":{"line":76,"column":null}},"23":{"start":{"line":78,"column":4},"end":{"line":81,"column":null}},"24":{"start":{"line":85,"column":3},"end":{"line":85,"column":null}},"25":{"start":{"line":87,"column":2},"end":{"line":92,"column":null}}},"fnMap":{"0":{"name":"(anonymous_0)","decl":{"start":{"line":30,"column":12},"end":{"line":30,"column":25}},"loc":{"start":{"line":30,"column":25},"end":{"line":93,"column":2}},"line":30},"1":{"name":"(anonymous_1)","decl":{"start":{"line":34,"column":65},"end":{"line":34,"column":66}},"loc":{"start":{"line":35,"column":3},"end":{"line":48,"column":null}},"line":35},"2":{"name":"(anonymous_2)","decl":{"start":{"line":35,"column":14},"end":{"line":35,"column":27}},"loc":{"start":{"line":35,"column":27},"end":{"line":40,"column":4}},"line":35},"3":{"name":"(anonymous_3)","decl":{"start":{"line":42,"column":5},"end":{"line":42,"column":6}},"loc":{"start":{"line":43,"column":6},"end":{"line":46,"column":null}},"line":43},"4":{"name":"(anonymous_4)","decl":{"start":{"line":50,"column":51},"end":{"line":50,"column":52}},"loc":{"start":{"line":51,"column":3},"end":{"line":59,"column":null}},"line":51},"5":{"name":"(anonymous_5)","decl":{"start":{"line":53,"column":5},"end":{"line":53,"column":6}},"loc":{"start":{"line":54,"column":6},"end":{"line":57,"column":null}},"line":54},"6":{"name":"(anonymous_6)","decl":{"start":{"line":61,"column":57},"end":{"line":61,"column":58}},"loc":{"start":{"line":62,"column":3},"end":{"line":82,"column":null}},"line":62},"7":{"name":"(anonymous_7)","decl":{"start":{"line":62,"column":14},"end":{"line":62,"column":27}},"loc":{"start":{"line":62,"column":27},"end":{"line":82,"column":4}},"line":62}},"branchMap":{"0":{"loc":{"start":{"line":37,"column":4},"end":{"line":39,"column":null}},"type":"if","locations":[{"start":{"line":37,"column":4},"end":{"line":39,"column":null}},{"start":{},"end":{}}],"line":37},"1":{"loc":{"start":{"line":71,"column":23},"end":{"line":73,"column":null}},"type":"cond-expr","locations":[{"start":{"line":72,"column":7},"end":{"line":72,"column":null}},{"start":{"line":73,"column":7},"end":{"line":73,"column":null}}],"line":71}},"s":{"0":1,"1":2,"2":2,"3":2,"4":0,"5":0,"6":0,"7":0,"8":0,"9":2,"10":0,"11":0,"12":2,"13":0,"14":0,"15":0,"16":0,"17":0,"18":0,"19":0,"20":0,"21":0,"22":0,"23":0,"24":2,"25":2},"f":{"0":2,"1":0,"2":0,"3":0,"4":0,"5":0,"6":0,"7":0},"b":{"0":[0,0],"1":[0,0]},"meta":{"lastBranch":2,"lastFunction":8,"lastStatement":26,"seen":{"s:28:37:94:Infinity":0,"f:30:12:30:25":0,"s:31:13:31:Infinity":1,"s:32:21:32:Infinity":2,"s:34:65:48:Infinity":3,"f:34:65:34:66":1,"s:35:3:48:Infinity":4,"f:35:14:35:27":2,"s:36:19:36:Infinity":5,"b:37:4:39:Infinity:undefined:undefined:undefined:undefined":0,"s:37:4:39:Infinity":6,"s:38:5:38:Infinity":7,"f:42:5:42:6":3,"s:43:6:46:Infinity":8,"s:50:51:59:Infinity":9,"f:50:51:50:52":4,"s:51:3:59:Infinity":10,"f:53:5:53:6":5,"s:54:6:57:Infinity":11,"s:61:57:82:Infinity":12,"f:61:57:61:58":6,"s:62:3:82:Infinity":13,"f:62:14:62:27":7,"s:63:23:63:Infinity":14,"s:64:4:64:Infinity":15,"s:65:4:65:Infinity":16,"s:67:21:67:Infinity":17,"s:68:20:68:Infinity":18,"s:69:4:69:Infinity":19,"s:71:23:73:Infinity":20,"b:72:7:72:Infinity:73:7:73:Infinity":1,"s:74:19:74:Infinity":21,"s:76:4:76:Infinity":22,"s:78:4:81:Infinity":23,"s:85:3:85:Infinity":24,"s:87:2:92:Infinity":25}}}
,"/home/ryuko/Documents/Codes/Javascript/QUIS/src/infrastructure/services/profile.ts": {"path":"/home/ryuko/Documents/Codes/Javascript/QUIS/src/infrastructure/services/profile.ts","statementMap":{"0":{"start":{"line":31,"column":34},"end":{"line":145,"column":null}},"1":{"start":{"line":34,"column":13},"end":{"line":34,"column":null}},"2":{"start":{"line":36,"column":46},"end":{"line":55,"column":null}},"3":{"start":{"line":37,"column":3},"end":{"line":55,"column":null}},"4":{"start":{"line":39,"column":5},"end":{"line":43,"column":null}},"5":{"start":{"line":43,"column":22},"end":{"line":43,"column":52}},"6":{"start":{"line":45,"column":5},"end":{"line":48,"column":null}},"7":{"start":{"line":51,"column":5},"end":{"line":53,"column":null}},"8":{"start":{"line":57,"column":52},"end":{"line":70,"column":null}},"9":{"start":{"line":58,"column":3},"end":{"line":70,"column":null}},"10":{"start":{"line":60,"column":5},"end":{"line":64,"column":null}},"11":{"start":{"line":64,"column":23},"end":{"line":64,"column":62}},"12":{"start":{"line":66,"column":5},"end":{"line":69,"column":null}},"13":{"start":{"line":72,"column":44},"end":{"line":85,"column":null}},"14":{"start":{"line":73,"column":3},"end":{"line":85,"column":null}},"15":{"start":{"line":75,"column":5},"end":{"line":79,"column":null}},"16":{"start":{"line":79,"column":22},"end":{"line":79,"column":40}},"17":{"start":{"line":81,"column":5},"end":{"line":84,"column":null}},"18":{"start":{"line":87,"column":58},"end":{"line":110,"column":null}},"19":{"start":{"line":88,"column":3},"end":{"line":110,"column":null}},"20":{"start":{"line":89,"column":21},"end":{"line":89,"column":null}},"21":{"start":{"line":91,"column":4},"end":{"line":107,"column":null}},"22":{"start":{"line":92,"column":21},"end":{"line":105,"column":null}},"23":{"start":{"line":94,"column":7},"end":{"line":99,"column":null}},"24":{"start":{"line":99,"column":24},"end":{"line":99,"column":42}},"25":{"start":{"line":101,"column":7},"end":{"line":104,"column":null}},"26":{"start":{"line":106,"column":5},"end":{"line":106,"column":null}},"27":{"start":{"line":109,"column":4},"end":{"line":109,"column":null}},"28":{"start":{"line":112,"column":44},"end":{"line":123,"column":null}},"29":{"start":{"line":114,"column":4},"end":{"line":117,"column":null}},"30":{"start":{"line":117,"column":21},"end":{"line":117,"column":38}},"31":{"start":{"line":119,"column":4},"end":{"line":122,"column":null}},"32":{"start":{"line":125,"column":64},"end":{"line":134,"column":null}},"33":{"start":{"line":127,"column":24},"end":{"line":127,"column":null}},"34":{"start":{"line":128,"column":20},"end":{"line":128,"column":null}},"35":{"start":{"line":129,"column":4},"end":{"line":131,"column":null}},"36":{"start":{"line":130,"column":5},"end":{"line":130,"column":null}},"37":{"start":{"line":130,"column":18},"end":{"line":130,"column":null}},"38":{"start":{"line":132,"column":4},"end":{"line":132,"column":null}},"39":{"start":{"line":136,"column":2},"end":{"line":143,"column":null}}},"fnMap":{"0":{"name":"(anonymous_0)","decl":{"start":{"line":33,"column":12},"end":{"line":33,"column":25}},"loc":{"start":{"line":33,"column":25},"end":{"line":144,"column":2}},"line":33},"1":{"name":"(anonymous_1)","decl":{"start":{"line":36,"column":46},"end":{"line":36,"column":47}},"loc":{"start":{"line":37,"column":3},"end":{"line":55,"column":null}},"line":37},"2":{"name":"(anonymous_2)","decl":{"start":{"line":38,"column":9},"end":{"line":38,"column":null}},"loc":{"start":{"line":39,"column":5},"end":{"line":43,"column":null}},"line":39},"3":{"name":"(anonymous_3)","decl":{"start":{"line":43,"column":12},"end":{"line":43,"column":13}},"loc":{"start":{"line":43,"column":22},"end":{"line":43,"column":52}},"line":43},"4":{"name":"(anonymous_4)","decl":{"start":{"line":44,"column":11},"end":{"line":44,"column":12}},"loc":{"start":{"line":45,"column":5},"end":{"line":48,"column":null}},"line":45},"5":{"name":"(anonymous_5)","decl":{"start":{"line":50,"column":19},"end":{"line":50,"column":20}},"loc":{"start":{"line":51,"column":5},"end":{"line":53,"column":null}},"line":51},"6":{"name":"(anonymous_6)","decl":{"start":{"line":57,"column":52},"end":{"line":57,"column":53}},"loc":{"start":{"line":58,"column":3},"end":{"line":70,"column":null}},"line":58},"7":{"name":"(anonymous_7)","decl":{"start":{"line":59,"column":9},"end":{"line":59,"column":null}},"loc":{"start":{"line":60,"column":5},"end":{"line":64,"column":null}},"line":60},"8":{"name":"(anonymous_8)","decl":{"start":{"line":64,"column":12},"end":{"line":64,"column":13}},"loc":{"start":{"line":64,"column":23},"end":{"line":64,"column":62}},"line":64},"9":{"name":"(anonymous_9)","decl":{"start":{"line":65,"column":11},"end":{"line":65,"column":12}},"loc":{"start":{"line":66,"column":5},"end":{"line":69,"column":null}},"line":66},"10":{"name":"(anonymous_10)","decl":{"start":{"line":72,"column":44},"end":{"line":72,"column":45}},"loc":{"start":{"line":73,"column":3},"end":{"line":85,"column":null}},"line":73},"11":{"name":"(anonymous_11)","decl":{"start":{"line":74,"column":9},"end":{"line":74,"column":null}},"loc":{"start":{"line":75,"column":5},"end":{"line":79,"column":null}},"line":75},"12":{"name":"(anonymous_12)","decl":{"start":{"line":79,"column":12},"end":{"line":79,"column":13}},"loc":{"start":{"line":79,"column":22},"end":{"line":79,"column":40}},"line":79},"13":{"name":"(anonymous_13)","decl":{"start":{"line":80,"column":11},"end":{"line":80,"column":12}},"loc":{"start":{"line":81,"column":5},"end":{"line":84,"column":null}},"line":81},"14":{"name":"(anonymous_14)","decl":{"start":{"line":87,"column":58},"end":{"line":87,"column":59}},"loc":{"start":{"line":88,"column":3},"end":{"line":110,"column":null}},"line":88},"15":{"name":"(anonymous_15)","decl":{"start":{"line":88,"column":14},"end":{"line":88,"column":27}},"loc":{"start":{"line":88,"column":27},"end":{"line":110,"column":4}},"line":88},"16":{"name":"(anonymous_16)","decl":{"start":{"line":93,"column":11},"end":{"line":93,"column":null}},"loc":{"start":{"line":94,"column":7},"end":{"line":99,"column":null}},"line":94},"17":{"name":"(anonymous_17)","decl":{"start":{"line":99,"column":14},"end":{"line":99,"column":15}},"loc":{"start":{"line":99,"column":24},"end":{"line":99,"column":42}},"line":99},"18":{"name":"(anonymous_18)","decl":{"start":{"line":100,"column":13},"end":{"line":100,"column":14}},"loc":{"start":{"line":101,"column":7},"end":{"line":104,"column":null}},"line":101},"19":{"name":"(anonymous_19)","decl":{"start":{"line":113,"column":8},"end":{"line":113,"column":null}},"loc":{"start":{"line":114,"column":4},"end":{"line":117,"column":null}},"line":114},"20":{"name":"(anonymous_20)","decl":{"start":{"line":117,"column":11},"end":{"line":117,"column":12}},"loc":{"start":{"line":117,"column":21},"end":{"line":117,"column":38}},"line":117},"21":{"name":"(anonymous_21)","decl":{"start":{"line":118,"column":10},"end":{"line":118,"column":11}},"loc":{"start":{"line":119,"column":4},"end":{"line":122,"column":null}},"line":119},"22":{"name":"(anonymous_22)","decl":{"start":{"line":126,"column":3},"end":{"line":126,"column":16}},"loc":{"start":{"line":126,"column":16},"end":{"line":133,"column":null}},"line
[...]
lumn":45},"end":{"line":226,"column":9}},"line":216},"29":{"name":"(anonymous_29)","decl":{"start":{"line":239,"column":73},"end":{"line":239,"column":null}},"loc":{"start":{"line":242,"column":3},"end":{"line":272,"column":null}},"line":242},"30":{"name":"(anonymous_30)","decl":{"start":{"line":242,"column":14},"end":{"line":242,"column":27}},"loc":{"start":{"line":242,"column":27},"end":{"line":272,"column":4}},"line":242},"31":{"name":"(anonymous_31)","decl":{"start":{"line":244,"column":10},"end":{"line":244,"column":null}},"loc":{"start":{"line":245,"column":6},"end":{"line":250,"column":null}},"line":245},"32":{"name":"(anonymous_32)","decl":{"start":{"line":250,"column":13},"end":{"line":250,"column":14}},"loc":{"start":{"line":250,"column":20},"end":{"line":250,"column":35}},"line":250},"33":{"name":"(anonymous_33)","decl":{"start":{"line":251,"column":12},"end":{"line":251,"column":13}},"loc":{"start":{"line":252,"column":6},"end":{"line":255,"column":null}},"line":252},"34":{"name":"(anonymous_34)","decl":{"start":{"line":260,"column":5},"end":{"line":260,"column":6}},"loc":{"start":{"line":261,"column":6},"end":{"line":267,"column":null}},"line":261},"35":{"name":"(anonymous_35)","decl":{"start":{"line":262,"column":18},"end":{"line":262,"column":19}},"loc":{"start":{"line":262,"column":51},"end":{"line":266,"column":9}},"line":262},"36":{"name":"(anonymous_36)","decl":{"start":{"line":274,"column":55},"end":{"line":274,"column":56}},"loc":{"start":{"line":275,"column":3},"end":{"line":327,"column":null}},"line":275},"37":{"name":"(anonymous_37)","decl":{"start":{"line":275,"column":14},"end":{"line":275,"column":27}},"loc":{"start":{"line":275,"column":27},"end":{"line":327,"column":4}},"line":275},"38":{"name":"(anonymous_38)","decl":{"start":{"line":291,"column":10},"end":{"line":291,"column":16}},"loc":{"start":{"line":291,"column":16},"end":{"line":299,"column":null}},"line":291},"39":{"name":"(anonymous_39)","decl":{"start":{"line":298,"column":13},"end":{"line":298,"column":14}},"loc":{"start":{"line":298,"column":20},"end":{"line":298,"column":35}},"line":298},"40":{"name":"(anonymous_40)","decl":{"start":{"line":300,"column":12},"end":{"line":300,"column":13}},"loc":{"start":{"line":301,"column":6},"end":{"line":304,"column":null}},"line":301},"41":{"name":"(anonymous_41)","decl":{"start":{"line":309,"column":5},"end":{"line":309,"column":6}},"loc":{"start":{"line":310,"column":6},"end":{"line":316,"column":null}},"line":310},"42":{"name":"(anonymous_42)","decl":{"start":{"line":311,"column":18},"end":{"line":311,"column":19}},"loc":{"start":{"line":311,"column":51},"end":{"line":315,"column":9}},"line":311},"43":{"name":"(anonymous_43)","decl":{"start":{"line":321,"column":26},"end":{"line":321,"column":27}},"loc":{"start":{"line":321,"column":33},"end":{"line":326,"column":5}},"line":321},"44":{"name":"(anonymous_44)","decl":{"start":{"line":329,"column":45},"end":{"line":329,"column":46}},"loc":{"start":{"line":330,"column":3},"end":{"line":363,"column":null}},"line":330},"45":{"name":"(anonymous_45)","decl":{"start":{"line":330,"column":14},"end":{"line":330,"column":27}},"loc":{"start":{"line":330,"column":27},"end":{"line":363,"column":4}},"line":330},"46":{"name":"(anonymous_46)","decl":{"start":{"line":332,"column":10},"end":{"line":332,"column":null}},"loc":{"start":{"line":333,"column":6},"end":{"line":337,"column":null}},"line":333},"47":{"name":"(anonymous_47)","decl":{"start":{"line":337,"column":13},"end":{"line":337,"column":14}},"loc":{"start":{"line":337,"column":23},"end":{"line":337,"column":42}},"line":337},"48":{"name":"(anonymous_48)","decl":{"start":{"line":338,"column":12},"end":{"line":338,"column":13}},"loc":{"start":{"line":339,"column":6},"end":{"line":342,"column":null}},"line":339},"49":{"name":"(anonymous_49)","decl":{"start":{"line":347,"column":11},"end":{"line":347,"column":null}},"loc":{"start":{"line":348,"column":7},"end":{"line":353,"column":null}},"line":348},"50":{"name":"(anonymous_50)","decl":{"start":{"line":349,"column":20},"end":{"line":349,"column":21}},"loc":{"start":{"line":349,"column":28},"end":{"line":352,"column":10}},"line":349},"51":{"name":"(anonymous_51)","decl":{"start":{"line":354,"column":13},"end":{"line":354,"column":14}},"loc":{"start":{"line":355,"column":7},"end":{"line":358,"column":null}},"line":355},"52":{"name":"(anonymous_52)","decl":{"start":{"line":365,"column":54},"end":{"line":365,"column":55}},"loc":{"start":{"line":366,"column":3},"end":{"line":388,"column":null}},"line":366},"53":{"name":"(anonymous_53)","decl":{"start":{"line":366,"column":14},"end":{"line":366,"column":27}},"loc":{"start":{"line":366,"column":27},"end":{"line":388,"column":4}},"line":366},"54":{"name":"(anonymous_54)","decl":{"start":{"line":369,"column":11},"end":{"line":369,"column":null}},"loc":{"start":{"line":370,"column":7},"end":{"line":372,"column":null}},"line":370},"55":{"name":"(anonymous_55)","decl":{"start":{"line":373,"column":13},"end":{"line":373,"column":14}},"loc":{"start":{"line":374,"column":7},"end":{"line":377,"column":null}},"line":374},"56":{"name":"(anonymous_56)","decl":{"start":{"line":380,"column":11},"end":{"line":380,"column":17}},"loc":{"start":{"line":380,"column":17},"end":{"line":380,"column":null}},"line":380},"57":{"name":"(anonymous_57)","decl":{"start":{"line":381,"column":13},"end":{"line":381,"column":14}},"loc":{"start":{"line":382,"column":7},"end":{"line":385,"column":null}},"line":382},"58":{"name":"(anonymous_58)","decl":{"start":{"line":391,"column":3},"end":{"line":391,"column":16}},"loc":{"start":{"line":391,"column":16},"end":{"line":399,"column":null}},"line":391},"59":{"name":"(anonymous_59)","decl":{"start":{"line":395,"column":5},"end":{"line":395,"column":6}},"loc":{"start":{"line":395,"column":12},"end":{"line":395,"column":null}},"line":395}},"branchMap":{"0":{"loc":{"start":{"line":94,"column":24},"end":{"line":94,"column":63}},"type":"binary-expr","locations":[{"start":{"line":94,"column":24},"end":{"line":94,"column":59}},{"start":{"line":94,"column":59},"end":{"line":94,"column":63}}],"line":94},"1":{"loc":{"start":{"line":107,"column":24},"end":{"line":107,"column":69}},"type":"binary-expr","locations":[{"start":{"line":107,"column":24},"end":{"line":107,"column":65}},{"start":{"line":107,"column":65},"end":{"line":107,"column":69}}],"line":107},"2":{"loc":{"start":{"line":163,"column":4},"end":{"line":165,"column":null}},"type":"if","locations":[{"start":{"line":163,"column":4},"end":{"line":165,"column":null}},{"start":{},"end":{}}],"line":163},"3":{"loc":{"start":{"line":223,"column":22},"end":{"line":223,"column":null}},"type":"binary-expr","locations":[{"start":{"line":223,"column":22},"end":{"line":223,"column":48}},{"start":{"line":223,"column":48},"end":{"line":223,"column":null}}],"line":223},"4":{"loc":{"start":{"line":224,"column":21},"end":{"line":224,"column":null}},"type":"binary-expr","locations":[{"start":{"line":224,"column":21},"end":{"line":224,"column":46}},{"start":{"line":224,"column":46},"end":{"line":224,"column":null}}],"line":224},"5":{"loc":{"start":{"line":225,"column":20},"end":{"line":225,"column":null}},"type":"binary-expr","locations":[{"start":{"line":225,"column":20},"end":{"line":225,"column":42}},{"start":{"line":225,"column":42},"end":{"line":225,"column":null}}],"line":225},"6":{"loc":{"start":{"line":278,"column":4},"end":{"line":282,"column":null}},"type":"if","locations":[{"start":{"line":278,"column":4},"end":{"line":282,"column":null}},{"start":{},"end":{}}],"line":278},"7":{"loc":{"start":{"line":283,"column":4},"end":{"line":285,"column":null}},"type":"if","locations":[{"start":{"line":283,"column":4},"end":{"line":285,"column":null}},{"start":{},"end":{}}],"line":283},"8":{"loc":{"start":{"line":286,"column":4},"end":{"line":288,"column":null}},"type":"if","locations":[{"start":{"line":286,"column":4},"end":{"line":288,"column":null}},{"start":{},"end":{}}],"line":286},"9":{"loc":{"start":{"line":293,"column":6},"end":{"line":295,"column":null}},"type":"if","locations":[{"start":{"line":293,"column":6},"end":{"line":295,"column":null}},{"start":{},"end":{}}],"line":293},"10":{"loc":{"start":{"line":322,"column":5},"end":{"line":323,"column":null}},"type":"if","locations":[{"start":{"line":322,"column":5},"end":{"line":323,"column":null}},{"start":{},"end":{}}],"line":322},"11":{"loc":{"start":{"line":322,"column":9},"end":{"line":322,"column":null}},"type":"binary-expr","locations":[{"start":{"line":322,"column":9},"end":{"line":322,"column":29}},{"start":{"line":322,"column":29},"end":{"line":322,"column":null}}],"line":322},"12":{"loc":{"start":{"line":324,"column":5},"end":{"line":324,"column":null}},"type":"if","locations":[{"start":{"line":324,"column":5},"end":{"line":324,"column":null}},{"start":{},"end":{}}],"line":324},"13":{"loc":{"start":{"line":324,"column":9},"end":{"line":324,"column":57}},"type":"binary-expr","locations":[{"start":{"line":324,"column":9},"end":{"line":324,"column":24}},{"start":{"line":324,"column":24},"end":{"line":324,"column":57}}],"line":324},"14":{"loc":{"start":{"line":345,"column":4},"end":{"line":360,"column":null}},"type":"if","locations":[{"start":{"line":345,"column":4},"end":{"line":360,"column":null}},{"start":{},"end":{}}],"line":345}},"s":{"0":1,"1":8,"2":8,"3":8,"4":8,"5":8,"6":0,"7":8,"8":8,"9":0,"10":8,"11":1,"12":1,"13":1,"14":0,"15":1,"16":2,"17":2,"18":1,"19":8,"20":1,"21":1,"22":1,"23":1,"24":0,"25":1,"26":1,"27":0,"28":0,"29":0,"30":0,"31":0,"32":0,"33":0,"34":0,"35":0,"36":0,"37":0,"38":0,"39":0,"40":0,"41":8,"42":1,"43":1,"44":1,"45":1,"46":0,"47":1,"48":2,"49":2,"50":1,"51":8,"52":2,"53":2,"54":2,"55":1,"56":2,"57":1,"58":2,"59":1,"60":2,"61":2,"62":2,"63":2,"64":2,"65":2,"66":0,"67":2,"68":4,"69":4,"70":2,"71":4,"72":0,"73":4,"74":0,"75":4,"76":8,"77":2,"78":2,"79":2,"80":2,"81":0,"82":2,"83":1,"84":1,"85":2,"86":0,"87":2,"88":8,"89":1,"90":1,"91":2,"92":2,"93":0,"94":2,"95":2,"96":0,"97":8,"98":0,"99":0,"100":0,"101":0,"102":8},"f":{"0":8,"1":8,"2":8,"3":8,"4":0,"5":8,"6":8,"7":0,"8":1,"9":1,"10":1,"11":0,"12":2,"13":2,"14":1,"15":1,"16":1,"17":1,"18":0,"19":0,"20":0,"21":0,"22":0,"23":0,"24":0,"25":0,"26":0,"27":0,"28":0,"29":1,"30":1,"31":1,"32":1,"33":0,"34":2,"35":2,"36":2,"37":2,"38":2,"39":2,"40":0,"41":4,"42":4,"43":4,"44":2,"45":2,"46":2,"47":2,"48":0,"49":1,"50":2,"51":0,"52":1,"53":1,"54":2,"55":0,"56":2,"57":0,"58":0,"59":0},"b":{"0":[8,0],"1":[8,0],"2":[1,0],"3":[0,0],"4":[0,0],"5":[0,0],"6":[1,1],"7":[1,1],"8":[1,1],"9":[2,0],"10":[0,4],"11":[4,0],"12":[0,4],"13":[4,0],"14":[1,1]},"meta":{"lastBranch":15,"lastFunction":60,"lastStatement":103,"seen":{"s:78:35:412:Infinity":0,"f:80:12:80:25":0,"s:81:13:81:Infinity":1,"s:83:39:114:Infinity":2,"f:83:39:83:Infinity":1,"s:87:3:114:Infinity":3,"f:89:10:89:Infinity":2,"s:90:6:94:Infinity":4,"f:94:13:94:14":3,"s:94:24:94:63":5,"b:94:24:94:59:94:59:94:63":0,"f:95:12:95:13":4,"s:96:6:99:Infinity":6,"f:102:10:102:Infinity":5,"s:103:6:107:Infinity":7,"f:107:13:107:14":6,"s:107:24:107:69":8,"b:107:24:107:65:107:65:107:69":1,"f:108:12:108:13":7,"s:109:6:112:Infinity":9,"s:116:45:145:Infinity":10,"f:116:56:116:69":8,"s:117:16:129:Infinity":11,"f:118:9:118:Infinity":9,"s:119:5:123:Infinity":12,"f:123:12:123:13":10,"s:123:19:123:34":13,"f:124:11:124:12":11,"s:125:5:128:Infinity":14,"s:131:19:142:Infinity":15,"f:133:4:133:5":12,"s:134:5:140:Infinity":16,"f:135:17:135:18":13,"s:135:50:139:8":17,"s:144:3:144:Infinity":18,"s:147:47:237:Infinity":19,"f:147:47:147:48":14,"s:148:3:237:Infinity":20,"f:148:14:148:27":15,"s:149:21:161:Infinity":21,"f:150:10:150:Infinity":16,"s:151:6:155:Infinity":22,"f:155:13:155:14":17,"s:155:23:155:54":23,"f:156:12:156:13":18,"s:157:6:160:Infinity":24,"b:163:4:165:Infinity:undefined:undefined:undefined:undefined":2,"s:163:4:165:Infinity":25,"s:164:5:164:Infinity":26,"s:167:39:170:Infinity":27,"s:172:23:183:Infinity":28,"f:173:10:173:Infinity":19,"s:174:6:177:Infinity":29,"f:178:12:178:13":20,"s:179:6:182:Infinity":30,"s:185:20:229:Infinity":31,"f:187:5:187:6":21,"s:188:6:227:Infinity":32,"f:190:13:190:Infinity":22,"s:191:9:195:Infinity":33,"f:195:16:195:17":23,"s:195:26:195:33":34,"f:196:15:196:16":24,"s:197:9:200:Infinity":35,"f:203:13:203:Infinity":25,"s:204:9:208:Infinity":36,"f:208:16:208:17":26,"s:208:26:208:33":37,"f:209:15:209:16":27,"s:210:9:213:Infinity":38,"f:216:18:216:19":28,"s:216:45:226:9":39,"b:223:22:223:48:223:48:223:Infinity":3,"b:224:21:224:46:224:46:224:Infinity":4,"b:225:20:225:42:225:42:225:Infinity":5,"s:231:4:236:Infinity":40,"s:239:73:272:Infinity":41,"f:239:73:239:Infinity":29,"s:242:3:272:Infinity":42,"f:242:14:242:27":30,"s:243:17:256:Infinity":43,"f:244:10:244:Infinity":31,"s:245:6:250:Infinity":44,"f:250:13:250:14":32,"s:250:20:250:35":45,"f:251:12:251:13":33,"s:252:6:255:Infinity":46,"s:258:20:269:Infinity":47,"f:260:5:260:6":34,"s:261:6:267:Infinity":48,"f:262:18:262:19":35,"s:262:51:266:9":49,"s:271:4:271:Infinity":50,"s:274:55:327:Infinity":51,"f:274:55:274:56":36,"s:275:3:327:Infinity":52,"f:275:14:275:27":37,"s:276:30:276:Infinity":53,"b:278:4:282:Infinity:undefined:undefined:undefined:undefined":6,"s:278:4:282:Infinity":54,"s:279:5:281:Infinity":55,"b:283:4:285:Infinity:undefined:undefined:undefined:undefined":7,"s:283:4:285:Infinity":56,"s:284:5:284:Infinity":57,"b:286:4:288:Infinity:undefined:undefined:undefined:undefined":8,"s:286:4:288:Infinity":58,"s:287:5:287:Infinity":59,"s:290:17:305:Infinity":60,"f:291:10:291:16":38,"s:292:18:292:Infinity":61,"b:293:6:295:Infinity:undefined:undefined:undefined:undefined":9,"s:293:6:295:Infinity":62,"s:294:7:294:Infinity":63,"s:296:6:298:Infinity":64,"f:298:13:298:14":39,"s:298:20:298:35":65,"f:300:12:300:13":40,"s:301:6:304:Infinity":66,"s:307:20:318:Infinity":67,"f:309:5:309:6":41,"s:310:6:316:Infinity":68,"f:311:18:311:19":42,"s:311:51:315:9":69,"s:321:4:326:Infinity":70,"f:321:26:321:27":43,"b:322:5:323:Infinity:undefined:undefined:undefined:undefined":10,"s:322:5:323:Infinity":71,"b:322:9:322:29:322:29:322:Infinity":11,"s:323:6:323:Infinity":72,"b:324:5:324:Infinity:undefined:undefined:undefined:undefined":12,"s:324:5:324:Infinity":73,"b:324:9:324:24:324:24:324:57":13,"s:324:57:324:Infinity":74,"s:325:5:325:Infinity":75,"s:329:45:363:Infinity":76,"f:329:45:329:46":44,"s:330:3:363:Infinity":77,"f:330:14:330:27":45,"s:331:21:343:Infinity":78,"f:332:10:332:Infinity":46,"s:333:6:337:Infinity":79,"f:337:13:337:14":47,"s:337:23:337:42":80,"f:338:12:338:13":48,"s:339:6:342:Infinity":81,"b:345:4:360:Infinity:undefined:undefined:undefined:undefined":14,"s:345:4:360:Infinity":82,"s:346:5:359:Infinity":83,"f:347:11:347:Infinity":49,"s:348:7:353:Infinity":84,"f:349:20:349:21":50,"s:349:28:352:10":85,"f:354:13:354:14":51,"s:355:7:358:Infinity":86,"s:362:4:362:Infinity":87,"s:365:54:388:Infinity":88,"f:365:54:365:55":52,"s:366:3:388:Infinity":89,"f:366:14:366:27":53,"s:367:4:387:Infinity":90,"s:368:5:378:Infinity":91,"f:369:11:369:Infinity":54,"s:370:7:372:Infinity":92,"f:373:13:373:14":55,"s:374:7:377:Infinity":93,"s:379:5:386:Infinity":94,"f:380:11:380:17":56,"s:380:17:380:Infinity":95,"f:381:13:381:14":57,"s:382:7:385:Infinity":96,"s:390:67:400:Infinity":97,"f:391:3:391:16":58,"s:392:25:392:Infinity":98,"s:393:20:397:Infinity":99,"f:395:5:395:6":59,"s:395:12:395:Infinity":100,"s:398:4:398:Infinity":101,"s:402:2:410:Infinity":102}}}
,"/home/ryuko/Documents/Codes/Javascript/QUIS/src/utils/session.ts": {"path":"/home/ryuko/Documents/Codes/Javascript/QUIS/src/utils/session.ts","statementMap":{"0":{"start":{"line":9,"column":22},"end":{"line":16,"column":null}},"1":{"start":{"line":13,"column":22},"end":{"line":13,"column":42}},"2":{"start":{"line":19,"column":31},"end":{"line":23,"column":null}},"3":{"start":{"line":20,"column":16},"end":{"line":20,"column":null}},"4":{"start":{"line":21,"column":7},"end":{"line":21,"column":null}},"5":{"start":{"line":22,"column":1},"end":{"line":22,"column":null}},"6":{"start":{"line":26,"column":32},"end":{"line":36,"column":null}},"7":{"start":{"line":27,"column":1},"end":{"line":36,"column":null}},"8":{"start":{"line":28,"column":17},"end":{"line":28,"column":null}},"9":{"start":{"line":29,"column":2},"end":{"line":35,"column":null}},"10":{"start":{"line":39,"column":34},"end":{"line":42,"column":null}},"11":{"start":{"line":40,"column":16},"end":{"line":40,"column":null}},"12":{"start":{"line":41,"column":1},"end":{"line":41,"column":null}},"13":{"start":{"line":45,"column":35},"end":{"line":56,"column":null}},"14":{"start":{"line":49,"column":1},"end":{"line":54,"column":null}},"15":{"start":{"line":50,"column":18},"end":{"line":50,"column":null}},"16":{"start":{"line":51,"column":2},"end":{"line":53,"column":null}},"17":{"start":{"line":52,"column":3},"end":{"line":52,"column":null}},"18":{"start":{"line":55,"column":1},"end":{"line":55,"column":null}}},"fnMap":{"0":{"name":"(anonymous_0)","decl":{"start":{"line":13,"column":13},"end":{"line":13,"column":14}},"loc":{"start":{"line":13,"column":22},"end":{"line":13,"column":42}},"line":13},"1":{"name":"(anonymous_1)","decl":{"start":{"line":19,"column":42},"end":{"line":19,"column":55}},"loc":{"start":{"line":19,"column":55},"end":{"line":23,"column":1}},"line":19},"2":{"name":"(anonymous_2)","decl":{"start":{"line":26,"column":32},"end":{"line":26,"column":33}},"loc":{"start":{"line":27,"column":1},"end":{"line":36,"column":null}},"line":27},"3":{"name":"(anonymous_3)","decl":{"start":{"line":27,"column":12},"end":{"line":27,"column":25}},"loc":{"start":{"line":27,"column":25},"end":{"line":36,"column":2}},"line":27},"4":{"name":"(anonymous_4)","decl":{"start":{"line":39,"column":45},"end":{"line":39,"column":58}},"loc":{"start":{"line":39,"column":58},"end":{"line":42,"column":1}},"line":39},"5":{"name":"(anonymous_5)","decl":{"start":{"line":45,"column":35},"end":{"line":45,"column":null}},"loc":{"start":{"line":48,"column":13},"end":{"line":56,"column":null}},"line":48}},"branchMap":{"0":{"loc":{"start":{"line":49,"column":1},"end":{"line":54,"column":null}},"type":"if","locations":[{"start":{"line":49,"column":1},"end":{"line":54,"column":null}},{"start":{},"end":{}}],"line":49},"1":{"loc":{"start":{"line":49,"column":5},"end":{"line":49,"column":60}},"type":"binary-expr","locations":[{"start":{"line":49,"column":5},"end":{"line":49,"column":14}},{"start":{"line":49,"column":14},"end":{"line":49,"column":43}},{"start":{"line":49,"column":43},"end":{"line":49,"column":60}}],"line":49},"2":{"loc":{"start":{"line":51,"column":2},"end":{"line":53,"column":null}},"type":"if","locations":[{"start":{"line":51,"column":2},"end":{"line":53,"column":null}},{"start":{},"end":{}}],"line":51},"3":{"loc":{"start":{"line":51,"column":6},"end":{"line":51,"column":57}},"type":"binary-expr","locations":[{"start":{"line":51,"column":6},"end":{"line":51,"column":33}},{"start":{"line":51,"column":33},"end":{"line":51,"column":57}}],"line":51}},"s":{"0":8,"1":5,"2":8,"3":2,"4":2,"5":2,"6":8,"7":2,"8":2,"9":2,"10":8,"11":1,"12":1,"13":8,"14":3,"15":2,"16":2,"17":1,"18":2},"f":{"0":5,"1":2,"2":2,"3":2,"4":1,"5":3},"b":{"0":[2,1],"1":[3,3,3],"2":[1,1],"3":[2,2]},"meta":{"lastBranch":4,"lastFunction":6,"lastStatement":19,"seen":{"s:9:22:16:Infinity":0,"f:13:13:13:14":0,"s:13:22:13:42":1,"s:19:31:23:Infinity":2,"f:19:42:19:55":1,"s:20:16:20:Infinity":3,"s:21:7:21:Infinity":4,"s:22:1:22:Infinity":5,"s:26:32:36:Infinity":6,"f:26:32:26:33":2,"s:27:1:36:Infinity":7,"f:27:12:27:25":3,"s:28:17:28:Infinity":8,"s:29:2:35:Infinity":9,"s:39:34:42:Infinity":10,"f:39:45:39:58":4,"s:40:16:40:Infinity":11,"s:41:1:41:Infinity":12,"s:45:35:56:Infinity":13,"f:45:35:45:Infinity":5,"b:49:1:54:Infinity:undefined:undefined:undefined:undefined":0,"s:49:1:54:Infinity":14,"b:49:5:49:14:49:14:49:43:49:43:49:60":1,"s:50:18:50:Infinity":15,"b:51:2:53:Infinity:undefined:undefined:undefined:undefined":2,"s:51:2:53:Infinity":16,"b:51:6:51:33:51:33:51:57":3,"s:52:3:52:Infinity":17,"s:55:1:55:Infinity":18}}}
}
